[0.010s] Invoking command in '/home/x650/Multitask-Drone/src/build/drone_interfaces': CMAKE_PREFIX_PATH=${CMAKE_PREFIX_PATH}:/home/x650/Multitask-Drone/src/install/drone_vision:/home/x650/Multitask-Drone/src/install/drone_monitor:/home/x650/Multitask-Drone/src/install/drone_controller:/opt/ros/humble /usr/bin/cmake --build /home/x650/Multitask-Drone/src/build/drone_interfaces -- -j16 -l16
[0.057s] [  1%] Built target drone_interfaces__cpp
[0.058s] [  1%] Built target ament_cmake_python_copy_drone_interfaces
[0.059s] [ 12%] Built target drone_interfaces__rosidl_generator_c
[0.076s] [ 24%] Built target drone_interfaces__rosidl_typesupport_fastrtps_cpp
[0.077s] [ 35%] Built target drone_interfaces__rosidl_typesupport_c
[0.077s] [ 46%] Built target drone_interfaces__rosidl_typesupport_introspection_cpp
[0.079s] [ 58%] Built target drone_interfaces__rosidl_typesupport_introspection_c
[0.080s] [ 69%] Built target drone_interfaces__rosidl_typesupport_cpp
[0.084s] [ 81%] Built target drone_interfaces__rosidl_typesupport_fastrtps_c
[0.101s] [ 81%] Built target drone_interfaces
[0.122s] [ 82%] Built target drone_interfaces__py
[0.142s] [ 92%] Built target drone_interfaces__rosidl_generator_py
[0.161s] [ 97%] Built target drone_interfaces__rosidl_typesupport_introspection_c__pyext
[0.161s] [ 97%] Built target drone_interfaces__rosidl_typesupport_c__pyext
[0.162s] [100%] Built target drone_interfaces__rosidl_typesupport_fastrtps_c__pyext
[0.200s] running egg_info
[0.209s] writing drone_interfaces.egg-info/PKG-INFO
[0.210s] writing dependency_links to drone_interfaces.egg-info/dependency_links.txt
[0.210s] writing top-level names to drone_interfaces.egg-info/top_level.txt
[0.237s] reading manifest file 'drone_interfaces.egg-info/SOURCES.txt'
[0.237s] writing manifest file 'drone_interfaces.egg-info/SOURCES.txt'
[0.258s] [100%] Built target ament_cmake_python_build_drone_interfaces_egg
[0.269s] Invoked command in '/home/x650/Multitask-Drone/src/build/drone_interfaces' returned '0': CMAKE_PREFIX_PATH=${CMAKE_PREFIX_PATH}:/home/x650/Multitask-Drone/src/install/drone_vision:/home/x650/Multitask-Drone/src/install/drone_monitor:/home/x650/Multitask-Drone/src/install/drone_controller:/opt/ros/humble /usr/bin/cmake --build /home/x650/Multitask-Drone/src/build/drone_interfaces -- -j16 -l16
[0.425s] Invoking command in '/home/x650/Multitask-Drone/src/build/drone_interfaces': CMAKE_PREFIX_PATH=${CMAKE_PREFIX_PATH}:/home/x650/Multitask-Drone/src/install/drone_vision:/home/x650/Multitask-Drone/src/install/drone_monitor:/home/x650/Multitask-Drone/src/install/drone_controller:/opt/ros/humble /usr/bin/cmake --install /home/x650/Multitask-Drone/src/build/drone_interfaces
[0.431s] -- Install configuration: ""
[0.431s] -- Up-to-date: /home/x650/Multitask-Drone/src/install/drone_interfaces/share/ament_index/resource_index/rosidl_interfaces/drone_interfaces
[0.431s] -- Up-to-date: /home/x650/Multitask-Drone/src/install/drone_interfaces/include/drone_interfaces/drone_interfaces
[0.431s] -- Up-to-date: /home/x650/Multitask-Drone/src/install/drone_interfaces/include/drone_interfaces/drone_interfaces/action
[0.431s] -- Up-to-date: /home/x650/Multitask-Drone/src/install/drone_interfaces/include/drone_interfaces/drone_interfaces/action/detail
[0.431s] -- Up-to-date: /home/x650/Multitask-Drone/src/install/drone_interfaces/include/drone_interfaces/drone_interfaces/action/detail/execute_waypoint__functions.h
[0.431s] -- Up-to-date: /home/x650/Multitask-Drone/src/install/drone_interfaces/include/drone_interfaces/drone_interfaces/action/detail/execute_waypoint__struct.h
[0.432s] -- Up-to-date: /home/x650/Multitask-Drone/src/install/drone_interfaces/include/drone_interfaces/drone_interfaces/action/detail/execute_waypoint__functions.c
[0.432s] -- Up-to-date: /home/x650/Multitask-Drone/src/install/drone_interfaces/include/drone_interfaces/drone_interfaces/action/detail/execute_waypoint__type_support.h
[0.432s] -- Up-to-date: /home/x650/Multitask-Drone/src/install/drone_interfaces/include/drone_interfaces/drone_interfaces/action/execute_waypoint.h
[0.432s] -- Up-to-date: /home/x650/Multitask-Drone/src/install/drone_interfaces/include/drone_interfaces/drone_interfaces/srv
[0.432s] -- Up-to-date: /home/x650/Multitask-Drone/src/install/drone_interfaces/include/drone_interfaces/drone_interfaces/srv/detail
[0.432s] -- Up-to-date: /home/x650/Multitask-Drone/src/install/drone_interfaces/include/drone_interfaces/drone_interfaces/srv/detail/yolo_request__type_support.h
[0.432s] -- Up-to-date: /home/x650/Multitask-Drone/src/install/drone_interfaces/include/drone_interfaces/drone_interfaces/srv/detail/yolo_request__functions.h
[0.432s] -- Up-to-date: /home/x650/Multitask-Drone/src/install/drone_interfaces/include/drone_interfaces/drone_interfaces/srv/detail/task_dispatch__type_support.h
[0.433s] -- Up-to-date: /home/x650/Multitask-Drone/src/install/drone_interfaces/include/drone_interfaces/drone_interfaces/srv/detail/task_dispatch__functions.c
[0.433s] -- Up-to-date: /home/x650/Multitask-Drone/src/install/drone_interfaces/include/drone_interfaces/drone_interfaces/srv/detail/task_dispatch__struct.h
[0.433s] -- Up-to-date: /home/x650/Multitask-Drone/src/install/drone_interfaces/include/drone_interfaces/drone_interfaces/srv/detail/yolo_request__struct.h
[0.433s] -- Up-to-date: /home/x650/Multitask-Drone/src/install/drone_interfaces/include/drone_interfaces/drone_interfaces/srv/detail/task_dispatch__functions.h
[0.433s] -- Up-to-date: /home/x650/Multitask-Drone/src/install/drone_interfaces/include/drone_interfaces/drone_interfaces/srv/detail/yolo_request__functions.c
[0.433s] -- Up-to-date: /home/x650/Multitask-Drone/src/install/drone_interfaces/include/drone_interfaces/drone_interfaces/srv/task_dispatch.h
[0.434s] -- Up-to-date: /home/x650/Multitask-Drone/src/install/drone_interfaces/include/drone_interfaces/drone_interfaces/srv/yolo_request.h
[0.434s] -- Up-to-date: /home/x650/Multitask-Drone/src/install/drone_interfaces/include/drone_interfaces/drone_interfaces/msg
[0.434s] -- Up-to-date: /home/x650/Multitask-Drone/src/install/drone_interfaces/include/drone_interfaces/drone_interfaces/msg/yaw.h
[0.434s] -- Up-to-date: /home/x650/Multitask-Drone/src/install/drone_interfaces/include/drone_interfaces/drone_interfaces/msg/detail
[0.434s] -- Up-to-date: /home/x650/Multitask-Drone/src/install/drone_interfaces/include/drone_interfaces/drone_interfaces/msg/detail/panel_box__type_support.h
[0.434s] -- Up-to-date: /home/x650/Multitask-Drone/src/install/drone_interfaces/include/drone_interfaces/drone_interfaces/msg/detail/task__type_support.h
[0.434s] -- Up-to-date: /home/x650/Multitask-Drone/src/install/drone_interfaces/include/drone_interfaces/drone_interfaces/msg/detail/task__functions.h
[0.434s] -- Up-to-date: /home/x650/Multitask-Drone/src/install/drone_interfaces/include/drone_interfaces/drone_interfaces/msg/detail/task__functions.c
[0.434s] -- Up-to-date: /home/x650/Multitask-Drone/src/install/drone_interfaces/include/drone_interfaces/drone_interfaces/msg/detail/panel_box__functions.h
[0.434s] -- Up-to-date: /home/x650/Multitask-Drone/src/install/drone_interfaces/include/drone_interfaces/drone_interfaces/msg/detail/panel_box__struct.h
[0.434s] -- Up-to-date: /home/x650/Multitask-Drone/src/install/drone_interfaces/include/drone_interfaces/drone_interfaces/msg/detail/raw_waypoint__struct.h
[0.434s] -- Up-to-date: /home/x650/Multitask-Drone/src/install/drone_interfaces/include/drone_interfaces/drone_interfaces/msg/detail/raw_waypoint__type_support.h
[0.434s] -- Up-to-date: /home/x650/Multitask-Drone/src/install/drone_interfaces/include/drone_interfaces/drone_interfaces/msg/detail/yaw__type_support.h
[0.434s] -- Up-to-date: /home/x650/Multitask-Drone/src/install/drone_interfaces/include/drone_interfaces/drone_interfaces/msg/detail/yaw__struct.h
[0.434s] -- Up-to-date: /home/x650/Multitask-Drone/src/install/drone_interfaces/include/drone_interfaces/drone_interfaces/msg/detail/panel_box__functions.c
[0.434s] -- Up-to-date: /home/x650/Multitask-Drone/src/install/drone_interfaces/include/drone_interfaces/drone_interfaces/msg/detail/raw_waypoint__functions.c
[0.434s] -- Up-to-date: /home/x650/Multitask-Drone/src/install/drone_interfaces/include/drone_interfaces/drone_interfaces/msg/detail/yaw__functions.h
[0.434s] -- Up-to-date: /home/x650/Multitask-Drone/src/install/drone_interfaces/include/drone_interfaces/drone_interfaces/msg/detail/yaw__functions.c
[0.435s] -- Up-to-date: /home/x650/Multitask-Drone/src/install/drone_interfaces/include/drone_interfaces/drone_interfaces/msg/detail/task__struct.h
[0.435s] -- Up-to-date: /home/x650/Multitask-Drone/src/install/drone_interfaces/include/drone_interfaces/drone_interfaces/msg/detail/raw_waypoint__functions.h
[0.435s] -- Up-to-date: /home/x650/Multitask-Drone/src/install/drone_interfaces/include/drone_interfaces/drone_interfaces/msg/raw_waypoint.h
[0.435s] -- Up-to-date: /home/x650/Multitask-Drone/src/install/drone_interfaces/include/drone_interfaces/drone_interfaces/msg/panel_box.h
[0.435s] -- Up-to-date: /home/x650/Multitask-Drone/src/install/drone_interfaces/include/drone_interfaces/drone_interfaces/msg/rosidl_generator_c__visibility_control.h
[0.435s] -- Up-to-date: /home/x650/Multitask-Drone/src/install/drone_interfaces/include/drone_interfaces/drone_interfaces/msg/task.h
[0.435s] -- Up-to-date: /home/x650/Multitask-Drone/src/install/drone_interfaces/share/drone_interfaces/environment/library_path.sh
[0.435s] -- Up-to-date: /home/x650/Multitask-Drone/src/install/drone_interfaces/share/drone_interfaces/environment/library_path.dsv
[0.435s] -- Up-to-date: /home/x650/Multitask-Drone/src/install/drone_interfaces/lib/libdrone_interfaces__rosidl_generator_c.so
[0.435s] -- Up-to-date: /home/x650/Multitask-Drone/src/install/drone_interfaces/include/drone_interfaces/drone_interfaces
[0.435s] -- Up-to-date: /home/x650/Multitask-Drone/src/install/drone_interfaces/include/drone_interfaces/drone_interfaces/action
[0.435s] -- Up-to-date: /home/x650/Multitask-Drone/src/install/drone_interfaces/include/drone_interfaces/drone_interfaces/action/detail
[0.435s] -- Up-to-date: /home/x650/Multitask-Drone/src/install/drone_interfaces/include/drone_interfaces/drone_interfaces/action/detail/execute_waypoint__rosidl_typesupport_fastrtps_c.h
[0.435s] -- Up-to-date: /home/x650/Multitask-Drone/src/install/drone_interfaces/include/drone_interfaces/drone_interfaces/srv
[0.435s] -- Up-to-date: /home/x650/Multitask-Drone/src/install/drone_interfaces/include/drone_interfaces/drone_interfaces/srv/detail
[0.435s] -- Up-to-date: /home/x650/Multitask-Drone/src/install/drone_interfaces/include/drone_interfaces/drone_interfaces/srv/detail/task_dispatch__rosidl_typesupport_fastrtps_c.h
[0.435s] -- Up-to-date: /home/x650/Multitask-Drone/src/install/drone_interfaces/include/drone_interfaces/drone_interfaces/srv/detail/yolo_request__rosidl_typesupport_fastrtps_c.h
[0.435s] -- Up-to-date: /home/x650/Multitask-Drone/src/install/drone_interfaces/include/drone_interfaces/drone_interfaces/msg
[0.435s] -- Up-to-date: /home/x650/Multitask-Drone/src/install/drone_interfaces/include/drone_interfaces/drone_interfaces/msg/detail
[0.435s] -- Up-to-date: /home/x650/Multitask-Drone/src/install/drone_interfaces/include/drone_interfaces/drone_interfaces/msg/detail/yaw__rosidl_typesupport_fastrtps_c.h
[0.435s] -- Up-to-date: /home/x650/Multitask-Drone/src/install/drone_interfaces/include/drone_interfaces/drone_interfaces/msg/detail/panel_box__rosidl_typesupport_fastrtps_c.h
[0.435s] -- Up-to-date: /home/x650/Multitask-Drone/src/install/drone_interfaces/include/drone_interfaces/drone_interfaces/msg/detail/task__rosidl_typesupport_fastrtps_c.h
[0.435s] -- Up-to-date: /home/x650/Multitask-Drone/src/install/drone_interfaces/include/drone_interfaces/drone_interfaces/msg/detail/raw_waypoint__rosidl_typesupport_fastrtps_c.h
[0.435s] -- Up-to-date: /home/x650/Multitask-Drone/src/install/drone_interfaces/include/drone_interfaces/drone_interfaces/msg/rosidl_typesupport_fastrtps_c__visibility_control.h
[0.435s] -- Up-to-date: /home/x650/Multitask-Drone/src/install/drone_interfaces/lib/libdrone_interfaces__rosidl_typesupport_fastrtps_c.so
[0.435s] -- Up-to-date: /home/x650/Multitask-Drone/src/install/drone_interfaces/include/drone_interfaces/drone_interfaces
[0.436s] -- Up-to-date: /home/x650/Multitask-Drone/src/install/drone_interfaces/include/drone_interfaces/drone_interfaces/action
[0.436s] -- Up-to-date: /home/x650/Multitask-Drone/src/install/drone_interfaces/include/drone_interfaces/drone_interfaces/action/detail
[0.436s] -- Up-to-date: /home/x650/Multitask-Drone/src/install/drone_interfaces/include/drone_interfaces/drone_interfaces/action/detail/execute_waypoint__type_support.c
[0.436s] -- Up-to-date: /home/x650/Multitask-Drone/src/install/drone_interfaces/include/drone_interfaces/drone_interfaces/action/detail/execute_waypoint__rosidl_typesupport_introspection_c.h
[0.436s] -- Up-to-date: /home/x650/Multitask-Drone/src/install/drone_interfaces/include/drone_interfaces/drone_interfaces/srv
[0.436s] -- Up-to-date: /home/x650/Multitask-Drone/src/install/drone_interfaces/include/drone_interfaces/drone_interfaces/srv/detail
[0.436s] -- Up-to-date: /home/x650/Multitask-Drone/src/install/drone_interfaces/include/drone_interfaces/drone_interfaces/srv/detail/task_dispatch__type_support.c
[0.436s] -- Up-to-date: /home/x650/Multitask-Drone/src/install/drone_interfaces/include/drone_interfaces/drone_interfaces/srv/detail/yolo_request__rosidl_typesupport_introspection_c.h
[0.436s] -- Up-to-date: /home/x650/Multitask-Drone/src/install/drone_interfaces/include/drone_interfaces/drone_interfaces/srv/detail/task_dispatch__rosidl_typesupport_introspection_c.h
[0.436s] -- Up-to-date: /home/x650/Multitask-Drone/src/install/drone_interfaces/include/drone_interfaces/drone_interfaces/srv/detail/yolo_request__type_support.c
[0.436s] -- Up-to-date: /home/x650/Multitask-Drone/src/install/drone_interfaces/include/drone_interfaces/drone_interfaces/msg
[0.436s] -- Up-to-date: /home/x650/Multitask-Drone/src/install/drone_interfaces/include/drone_interfaces/drone_interfaces/msg/rosidl_typesupport_introspection_c__visibility_control.h
[0.436s] -- Up-to-date: /home/x650/Multitask-Drone/src/install/drone_interfaces/include/drone_interfaces/drone_interfaces/msg/detail
[0.436s] -- Up-to-date: /home/x650/Multitask-Drone/src/install/drone_interfaces/include/drone_interfaces/drone_interfaces/msg/detail/task__rosidl_typesupport_introspection_c.h
[0.436s] -- Up-to-date: /home/x650/Multitask-Drone/src/install/drone_interfaces/include/drone_interfaces/drone_interfaces/msg/detail/task__type_support.c
[0.436s] -- Up-to-date: /home/x650/Multitask-Drone/src/install/drone_interfaces/include/drone_interfaces/drone_interfaces/msg/detail/yaw__type_support.c
[0.436s] -- Up-to-date: /home/x650/Multitask-Drone/src/install/drone_interfaces/include/drone_interfaces/drone_interfaces/msg/detail/raw_waypoint__type_support.c
[0.436s] -- Up-to-date: /home/x650/Multitask-Drone/src/install/drone_interfaces/include/drone_interfaces/drone_interfaces/msg/detail/raw_waypoint__rosidl_typesupport_introspection_c.h
[0.436s] -- Up-to-date: /home/x650/Multitask-Drone/src/install/drone_interfaces/include/drone_interfaces/drone_interfaces/msg/detail/panel_box__type_support.c
[0.436s] -- Up-to-date: /home/x650/Multitask-Drone/src/install/drone_interfaces/include/drone_interfaces/drone_interfaces/msg/detail/yaw__rosidl_typesupport_introspection_c.h
[0.436s] -- Up-to-date: /home/x650/Multitask-Drone/src/install/drone_interfaces/include/drone_interfaces/drone_interfaces/msg/detail/panel_box__rosidl_typesupport_introspection_c.h
[0.436s] -- Up-to-date: /home/x650/Multitask-Drone/src/install/drone_interfaces/lib/libdrone_interfaces__rosidl_typesupport_introspection_c.so
[0.436s] -- Up-to-date: /home/x650/Multitask-Drone/src/install/drone_interfaces/lib/libdrone_interfaces__rosidl_typesupport_c.so
[0.436s] -- Up-to-date: /home/x650/Multitask-Drone/src/install/drone_interfaces/include/drone_interfaces/drone_interfaces
[0.436s] -- Up-to-date: /home/x650/Multitask-Drone/src/install/drone_interfaces/include/drone_interfaces/drone_interfaces/action
[0.436s] -- Up-to-date: /home/x650/Multitask-Drone/src/install/drone_interfaces/include/drone_interfaces/drone_interfaces/action/detail
[0.436s] -- Up-to-date: /home/x650/Multitask-Drone/src/install/drone_interfaces/include/drone_interfaces/drone_interfaces/action/detail/execute_waypoint__builder.hpp
[0.436s] -- Up-to-date: /home/x650/Multitask-Drone/src/install/drone_interfaces/include/drone_interfaces/drone_interfaces/action/detail/execute_waypoint__traits.hpp
[0.436s] -- Up-to-date: /home/x650/Multitask-Drone/src/install/drone_interfaces/include/drone_interfaces/drone_interfaces/action/detail/execute_waypoint__struct.hpp
[0.436s] -- Up-to-date: /home/x650/Multitask-Drone/src/install/drone_interfaces/include/drone_interfaces/drone_interfaces/action/execute_waypoint.hpp
[0.436s] -- Up-to-date: /home/x650/Multitask-Drone/src/install/drone_interfaces/include/drone_interfaces/drone_interfaces/srv
[0.436s] -- Up-to-date: /home/x650/Multitask-Drone/src/install/drone_interfaces/include/drone_interfaces/drone_interfaces/srv/yolo_request.hpp
[0.436s] -- Up-to-date: /home/x650/Multitask-Drone/src/install/drone_interfaces/include/drone_interfaces/drone_interfaces/srv/detail
[0.436s] -- Up-to-date: /home/x650/Multitask-Drone/src/install/drone_interfaces/include/drone_interfaces/drone_interfaces/srv/detail/yolo_request__traits.hpp
[0.437s] -- Up-to-date: /home/x650/Multitask-Drone/src/install/drone_interfaces/include/drone_interfaces/drone_interfaces/srv/detail/task_dispatch__traits.hpp
[0.437s] -- Up-to-date: /home/x650/Multitask-Drone/src/install/drone_interfaces/include/drone_interfaces/drone_interfaces/srv/detail/task_dispatch__struct.hpp
[0.437s] -- Up-to-date: /home/x650/Multitask-Drone/src/install/drone_interfaces/include/drone_interfaces/drone_interfaces/srv/detail/task_dispatch__builder.hpp
[0.437s] -- Up-to-date: /home/x650/Multitask-Drone/src/install/drone_interfaces/include/drone_interfaces/drone_interfaces/srv/detail/yolo_request__builder.hpp
[0.437s] -- Up-to-date: /home/x650/Multitask-Drone/src/install/drone_interfaces/include/drone_interfaces/drone_interfaces/srv/detail/yolo_request__struct.hpp
[0.437s] -- Up-to-date: /home/x650/Multitask-Drone/src/install/drone_interfaces/include/drone_interfaces/drone_interfaces/srv/task_dispatch.hpp
[0.437s] -- Up-to-date: /home/x650/Multitask-Drone/src/install/drone_interfaces/include/drone_interfaces/drone_interfaces/msg
[0.437s] -- Up-to-date: /home/x650/Multitask-Drone/src/install/drone_interfaces/include/drone_interfaces/drone_interfaces/msg/task.hpp
[0.437s] -- Up-to-date: /home/x650/Multitask-Drone/src/install/drone_interfaces/include/drone_interfaces/drone_interfaces/msg/detail
[0.437s] -- Up-to-date: /home/x650/Multitask-Drone/src/install/drone_interfaces/include/drone_interfaces/drone_interfaces/msg/detail/raw_waypoint__struct.hpp
[0.437s] -- Up-to-date: /home/x650/Multitask-Drone/src/install/drone_interfaces/include/drone_interfaces/drone_interfaces/msg/detail/yaw__struct.hpp
[0.437s] -- Up-to-date: /home/x650/Multitask-Drone/src/install/drone_interfaces/include/drone_interfaces/drone_interfaces/msg/detail/yaw__traits.hpp
[0.437s] -- Up-to-date: /home/x650/Multitask-Drone/src/install/drone_interfaces/include/drone_interfaces/drone_interfaces/msg/detail/yaw__builder.hpp
[0.437s] -- Up-to-date: /home/x650/Multitask-Drone/src/install/drone_interfaces/include/drone_interfaces/drone_interfaces/msg/detail/panel_box__traits.hpp
[0.437s] -- Up-to-date: /home/x650/Multitask-Drone/src/install/drone_interfaces/include/drone_interfaces/drone_interfaces/msg/detail/task__traits.hpp
[0.437s] -- Up-to-date: /home/x650/Multitask-Drone/src/install/drone_interfaces/include/drone_interfaces/drone_interfaces/msg/detail/raw_waypoint__builder.hpp
[0.437s] -- Up-to-date: /home/x650/Multitask-Drone/src/install/drone_interfaces/include/drone_interfaces/drone_interfaces/msg/detail/panel_box__struct.hpp
[0.437s] -- Up-to-date: /home/x650/Multitask-Drone/src/install/drone_interfaces/include/drone_interfaces/drone_interfaces/msg/detail/task__struct.hpp
[0.437s] -- Up-to-date: /home/x650/Multitask-Drone/src/install/drone_interfaces/include/drone_interfaces/drone_interfaces/msg/detail/raw_waypoint__traits.hpp
[0.437s] -- Up-to-date: /home/x650/Multitask-Drone/src/install/drone_interfaces/include/drone_interfaces/drone_interfaces/msg/detail/task__builder.hpp
[0.437s] -- Up-to-date: /home/x650/Multitask-Drone/src/install/drone_interfaces/include/drone_interfaces/drone_interfaces/msg/detail/panel_box__builder.hpp
[0.437s] -- Up-to-date: /home/x650/Multitask-Drone/src/install/drone_interfaces/include/drone_interfaces/drone_interfaces/msg/raw_waypoint.hpp
[0.437s] -- Up-to-date: /home/x650/Multitask-Drone/src/install/drone_interfaces/include/drone_interfaces/drone_interfaces/msg/yaw.hpp
[0.437s] -- Up-to-date: /home/x650/Multitask-Drone/src/install/drone_interfaces/include/drone_interfaces/drone_interfaces/msg/panel_box.hpp
[0.437s] -- Up-to-date: /home/x650/Multitask-Drone/src/install/drone_interfaces/include/drone_interfaces/drone_interfaces
[0.437s] -- Up-to-date: /home/x650/Multitask-Drone/src/install/drone_interfaces/include/drone_interfaces/drone_interfaces/action
[0.437s] -- Up-to-date: /home/x650/Multitask-Drone/src/install/drone_interfaces/include/drone_interfaces/drone_interfaces/action/detail
[0.437s] -- Up-to-date: /home/x650/Multitask-Drone/src/install/drone_interfaces/include/drone_interfaces/drone_interfaces/action/detail/execute_waypoint__rosidl_typesupport_fastrtps_cpp.hpp
[0.437s] -- Up-to-date: /home/x650/Multitask-Drone/src/install/drone_interfaces/include/drone_interfaces/drone_interfaces/action/detail/dds_fastrtps
[0.437s] -- Up-to-date: /home/x650/Multitask-Drone/src/install/drone_interfaces/include/drone_interfaces/drone_interfaces/srv
[0.437s] -- Up-to-date: /home/x650/Multitask-Drone/src/install/drone_interfaces/include/drone_interfaces/drone_interfaces/srv/detail
[0.437s] -- Up-to-date: /home/x650/Multitask-Drone/src/install/drone_interfaces/include/drone_interfaces/drone_interfaces/srv/detail/task_dispatch__rosidl_typesupport_fastrtps_cpp.hpp
[0.437s] -- Up-to-date: /home/x650/Multitask-Drone/src/install/drone_interfaces/include/drone_interfaces/drone_interfaces/srv/detail/yolo_request__rosidl_typesupport_fastrtps_cpp.hpp
[0.437s] -- Up-to-date: /home/x650/Multitask-Drone/src/install/drone_interfaces/include/drone_interfaces/drone_interfaces/srv/detail/dds_fastrtps
[0.437s] -- Up-to-date: /home/x650/Multitask-Drone/src/install/drone_interfaces/include/drone_interfaces/drone_interfaces/msg
[0.437s] -- Up-to-date: /home/x650/Multitask-Drone/src/install/drone_interfaces/include/drone_interfaces/drone_interfaces/msg/detail
[0.437s] -- Up-to-date: /home/x650/Multitask-Drone/src/install/drone_interfaces/include/drone_interfaces/drone_interfaces/msg/detail/raw_waypoint__rosidl_typesupport_fastrtps_cpp.hpp
[0.437s] -- Up-to-date: /home/x650/Multitask-Drone/src/install/drone_interfaces/include/drone_interfaces/drone_interfaces/msg/detail/panel_box__rosidl_typesupport_fastrtps_cpp.hpp
[0.437s] -- Up-to-date: /home/x650/Multitask-Drone/src/install/drone_interfaces/include/drone_interfaces/drone_interfaces/msg/detail/task__rosidl_typesupport_fastrtps_cpp.hpp
[0.438s] -- Up-to-date: /home/x650/Multitask-Drone/src/install/drone_interfaces/include/drone_interfaces/drone_interfaces/msg/detail/yaw__rosidl_typesupport_fastrtps_cpp.hpp
[0.438s] -- Up-to-date: /home/x650/Multitask-Drone/src/install/drone_interfaces/include/drone_interfaces/drone_interfaces/msg/detail/dds_fastrtps
[0.438s] -- Up-to-date: /home/x650/Multitask-Drone/src/install/drone_interfaces/include/drone_interfaces/drone_interfaces/msg/rosidl_typesupport_fastrtps_cpp__visibility_control.h
[0.438s] -- Up-to-date: /home/x650/Multitask-Drone/src/install/drone_interfaces/lib/libdrone_interfaces__rosidl_typesupport_fastrtps_cpp.so
[0.438s] -- Up-to-date: /home/x650/Multitask-Drone/src/install/drone_interfaces/include/drone_interfaces/drone_interfaces
[0.438s] -- Up-to-date: /home/x650/Multitask-Drone/src/install/drone_interfaces/include/drone_interfaces/drone_interfaces/action
[0.438s] -- Up-to-date: /home/x650/Multitask-Drone/src/install/drone_interfaces/include/drone_interfaces/drone_interfaces/action/detail
[0.438s] -- Up-to-date: /home/x650/Multitask-Drone/src/install/drone_interfaces/include/drone_interfaces/drone_interfaces/action/detail/execute_waypoint__rosidl_typesupport_introspection_cpp.hpp
[0.438s] -- Up-to-date: /home/x650/Multitask-Drone/src/install/drone_interfaces/include/drone_interfaces/drone_interfaces/action/detail/execute_waypoint__type_support.cpp
[0.438s] -- Up-to-date: /home/x650/Multitask-Drone/src/install/drone_interfaces/include/drone_interfaces/drone_interfaces/srv
[0.438s] -- Up-to-date: /home/x650/Multitask-Drone/src/install/drone_interfaces/include/drone_interfaces/drone_interfaces/srv/detail
[0.438s] -- Up-to-date: /home/x650/Multitask-Drone/src/install/drone_interfaces/include/drone_interfaces/drone_interfaces/srv/detail/task_dispatch__rosidl_typesupport_introspection_cpp.hpp
[0.438s] -- Up-to-date: /home/x650/Multitask-Drone/src/install/drone_interfaces/include/drone_interfaces/drone_interfaces/srv/detail/yolo_request__rosidl_typesupport_introspection_cpp.hpp
[0.438s] -- Up-to-date: /home/x650/Multitask-Drone/src/install/drone_interfaces/include/drone_interfaces/drone_interfaces/srv/detail/task_dispatch__type_support.cpp
[0.438s] -- Up-to-date: /home/x650/Multitask-Drone/src/install/drone_interfaces/include/drone_interfaces/drone_interfaces/srv/detail/yolo_request__type_support.cpp
[0.438s] -- Up-to-date: /home/x650/Multitask-Drone/src/install/drone_interfaces/include/drone_interfaces/drone_interfaces/msg
[0.438s] -- Up-to-date: /home/x650/Multitask-Drone/src/install/drone_interfaces/include/drone_interfaces/drone_interfaces/msg/detail
[0.438s] -- Up-to-date: /home/x650/Multitask-Drone/src/install/drone_interfaces/include/drone_interfaces/drone_interfaces/msg/detail/panel_box__type_support.cpp
[0.438s] -- Up-to-date: /home/x650/Multitask-Drone/src/install/drone_interfaces/include/drone_interfaces/drone_interfaces/msg/detail/task__rosidl_typesupport_introspection_cpp.hpp
[0.438s] -- Up-to-date: /home/x650/Multitask-Drone/src/install/drone_interfaces/include/drone_interfaces/drone_interfaces/msg/detail/raw_waypoint__rosidl_typesupport_introspection_cpp.hpp
[0.438s] -- Up-to-date: /home/x650/Multitask-Drone/src/install/drone_interfaces/include/drone_interfaces/drone_interfaces/msg/detail/yaw__rosidl_typesupport_introspection_cpp.hpp
[0.438s] -- Up-to-date: /home/x650/Multitask-Drone/src/install/drone_interfaces/include/drone_interfaces/drone_interfaces/msg/detail/yaw__type_support.cpp
[0.438s] -- Up-to-date: /home/x650/Multitask-Drone/src/install/drone_interfaces/include/drone_interfaces/drone_interfaces/msg/detail/task__type_support.cpp
[0.438s] -- Up-to-date: /home/x650/Multitask-Drone/src/install/drone_interfaces/include/drone_interfaces/drone_interfaces/msg/detail/raw_waypoint__type_support.cpp
[0.438s] -- Up-to-date: /home/x650/Multitask-Drone/src/install/drone_interfaces/include/drone_interfaces/drone_interfaces/msg/detail/panel_box__rosidl_typesupport_introspection_cpp.hpp
[0.438s] -- Up-to-date: /home/x650/Multitask-Drone/src/install/drone_interfaces/lib/libdrone_interfaces__rosidl_typesupport_introspection_cpp.so
[0.438s] -- Up-to-date: /home/x650/Multitask-Drone/src/install/drone_interfaces/lib/libdrone_interfaces__rosidl_typesupport_cpp.so
[0.438s] -- Up-to-date: /home/x650/Multitask-Drone/src/install/drone_interfaces/share/drone_interfaces/environment/pythonpath.sh
[0.438s] -- Up-to-date: /home/x650/Multitask-Drone/src/install/drone_interfaces/share/drone_interfaces/environment/pythonpath.dsv
[0.438s] -- Up-to-date: /home/x650/Multitask-Drone/src/install/drone_interfaces/local/lib/python3.10/dist-packages/drone_interfaces-0.0.0-py3.10.egg-info
[0.438s] -- Installing: /home/x650/Multitask-Drone/src/install/drone_interfaces/local/lib/python3.10/dist-packages/drone_interfaces-0.0.0-py3.10.egg-info/dependency_links.txt
[0.438s] -- Installing: /home/x650/Multitask-Drone/src/install/drone_interfaces/local/lib/python3.10/dist-packages/drone_interfaces-0.0.0-py3.10.egg-info/PKG-INFO
[0.438s] -- Installing: /home/x650/Multitask-Drone/src/install/drone_interfaces/local/lib/python3.10/dist-packages/drone_interfaces-0.0.0-py3.10.egg-info/top_level.txt
[0.438s] -- Installing: /home/x650/Multitask-Drone/src/install/drone_interfaces/local/lib/python3.10/dist-packages/drone_interfaces-0.0.0-py3.10.egg-info/SOURCES.txt
[0.438s] -- Up-to-date: /home/x650/Multitask-Drone/src/install/drone_interfaces/local/lib/python3.10/dist-packages/drone_interfaces
[0.438s] -- Up-to-date: /home/x650/Multitask-Drone/src/install/drone_interfaces/local/lib/python3.10/dist-packages/drone_interfaces/_drone_interfaces_s.ep.rosidl_typesupport_fastrtps_c.c
[0.438s] -- Up-to-date: /home/x650/Multitask-Drone/src/install/drone_interfaces/local/lib/python3.10/dist-packages/drone_interfaces/_drone_interfaces_s.ep.rosidl_typesupport_c.c
[0.438s] -- Up-to-date: /home/x650/Multitask-Drone/src/install/drone_interfaces/local/lib/python3.10/dist-packages/drone_interfaces/action
[0.438s] -- Up-to-date: /home/x650/Multitask-Drone/src/install/drone_interfaces/local/lib/python3.10/dist-packages/drone_interfaces/action/_execute_waypoint.py
[0.438s] -- Up-to-date: /home/x650/Multitask-Drone/src/install/drone_interfaces/local/lib/python3.10/dist-packages/drone_interfaces/action/_execute_waypoint_s.c
[0.439s] -- Up-to-date: /home/x650/Multitask-Drone/src/install/drone_interfaces/local/lib/python3.10/dist-packages/drone_interfaces/action/__init__.py
[0.439s] -- Up-to-date: /home/x650/Multitask-Drone/src/install/drone_interfaces/local/lib/python3.10/dist-packages/drone_interfaces/srv
[0.439s] -- Up-to-date: /home/x650/Multitask-Drone/src/install/drone_interfaces/local/lib/python3.10/dist-packages/drone_interfaces/srv/_task_dispatch_s.c
[0.439s] -- Up-to-date: /home/x650/Multitask-Drone/src/install/drone_interfaces/local/lib/python3.10/dist-packages/drone_interfaces/srv/_yolo_request_s.c
[0.439s] -- Up-to-date: /home/x650/Multitask-Drone/src/install/drone_interfaces/local/lib/python3.10/dist-packages/drone_interfaces/srv/_yolo_request.py
[0.439s] -- Up-to-date: /home/x650/Multitask-Drone/src/install/drone_interfaces/local/lib/python3.10/dist-packages/drone_interfaces/srv/__init__.py
[0.439s] -- Up-to-date: /home/x650/Multitask-Drone/src/install/drone_interfaces/local/lib/python3.10/dist-packages/drone_interfaces/srv/_task_dispatch.py
[0.439s] -- Up-to-date: /home/x650/Multitask-Drone/src/install/drone_interfaces/local/lib/python3.10/dist-packages/drone_interfaces/drone_interfaces_s__rosidl_typesupport_fastrtps_c.cpython-310-x86_64-linux-gnu.so
[0.439s] -- Up-to-date: /home/x650/Multitask-Drone/src/install/drone_interfaces/local/lib/python3.10/dist-packages/drone_interfaces/_drone_interfaces_s.ep.rosidl_typesupport_introspection_c.c
[0.439s] -- Up-to-date: /home/x650/Multitask-Drone/src/install/drone_interfaces/local/lib/python3.10/dist-packages/drone_interfaces/drone_interfaces_s__rosidl_typesupport_introspection_c.cpython-310-x86_64-linux-gnu.so
[0.439s] -- Up-to-date: /home/x650/Multitask-Drone/src/install/drone_interfaces/local/lib/python3.10/dist-packages/drone_interfaces/drone_interfaces_s__rosidl_typesupport_c.cpython-310-x86_64-linux-gnu.so
[0.439s] -- Up-to-date: /home/x650/Multitask-Drone/src/install/drone_interfaces/local/lib/python3.10/dist-packages/drone_interfaces/__init__.py
[0.439s] -- Up-to-date: /home/x650/Multitask-Drone/src/install/drone_interfaces/local/lib/python3.10/dist-packages/drone_interfaces/libdrone_interfaces__rosidl_generator_py.so
[0.439s] -- Up-to-date: /home/x650/Multitask-Drone/src/install/drone_interfaces/local/lib/python3.10/dist-packages/drone_interfaces/msg
[0.439s] -- Up-to-date: /home/x650/Multitask-Drone/src/install/drone_interfaces/local/lib/python3.10/dist-packages/drone_interfaces/msg/_yaw_s.c
[0.439s] -- Up-to-date: /home/x650/Multitask-Drone/src/install/drone_interfaces/local/lib/python3.10/dist-packages/drone_interfaces/msg/_raw_waypoint_s.c
[0.439s] -- Up-to-date: /home/x650/Multitask-Drone/src/install/drone_interfaces/local/lib/python3.10/dist-packages/drone_interfaces/msg/_panel_box.py
[0.439s] -- Up-to-date: /home/x650/Multitask-Drone/src/install/drone_interfaces/local/lib/python3.10/dist-packages/drone_interfaces/msg/_task_s.c
[0.439s] -- Up-to-date: /home/x650/Multitask-Drone/src/install/drone_interfaces/local/lib/python3.10/dist-packages/drone_interfaces/msg/_raw_waypoint.py
[0.439s] -- Up-to-date: /home/x650/Multitask-Drone/src/install/drone_interfaces/local/lib/python3.10/dist-packages/drone_interfaces/msg/__init__.py
[0.439s] -- Up-to-date: /home/x650/Multitask-Drone/src/install/drone_interfaces/local/lib/python3.10/dist-packages/drone_interfaces/msg/_yaw.py
[0.439s] -- Up-to-date: /home/x650/Multitask-Drone/src/install/drone_interfaces/local/lib/python3.10/dist-packages/drone_interfaces/msg/_panel_box_s.c
[0.439s] -- Up-to-date: /home/x650/Multitask-Drone/src/install/drone_interfaces/local/lib/python3.10/dist-packages/drone_interfaces/msg/_task.py
[0.458s] Listing '/home/x650/Multitask-Drone/src/install/drone_interfaces/local/lib/python3.10/dist-packages/drone_interfaces'...
[0.458s] Listing '/home/x650/Multitask-Drone/src/install/drone_interfaces/local/lib/python3.10/dist-packages/drone_interfaces/action'...
[0.458s] Listing '/home/x650/Multitask-Drone/src/install/drone_interfaces/local/lib/python3.10/dist-packages/drone_interfaces/msg'...
[0.458s] Listing '/home/x650/Multitask-Drone/src/install/drone_interfaces/local/lib/python3.10/dist-packages/drone_interfaces/srv'...
[0.461s] -- Up-to-date: /home/x650/Multitask-Drone/src/install/drone_interfaces/local/lib/python3.10/dist-packages/drone_interfaces/drone_interfaces_s__rosidl_typesupport_fastrtps_c.cpython-310-x86_64-linux-gnu.so
[0.461s] -- Up-to-date: /home/x650/Multitask-Drone/src/install/drone_interfaces/local/lib/python3.10/dist-packages/drone_interfaces/drone_interfaces_s__rosidl_typesupport_introspection_c.cpython-310-x86_64-linux-gnu.so
[0.461s] -- Up-to-date: /home/x650/Multitask-Drone/src/install/drone_interfaces/local/lib/python3.10/dist-packages/drone_interfaces/drone_interfaces_s__rosidl_typesupport_c.cpython-310-x86_64-linux-gnu.so
[0.461s] -- Up-to-date: /home/x650/Multitask-Drone/src/install/drone_interfaces/lib/libdrone_interfaces__rosidl_generator_py.so
[0.461s] -- Up-to-date: /home/x650/Multitask-Drone/src/install/drone_interfaces/share/drone_interfaces/msg/Yaw.idl
[0.461s] -- Up-to-date: /home/x650/Multitask-Drone/src/install/drone_interfaces/share/drone_interfaces/msg/PanelBox.idl
[0.462s] -- Up-to-date: /home/x650/Multitask-Drone/src/install/drone_interfaces/share/drone_interfaces/msg/Task.idl
[0.462s] -- Up-to-date: /home/x650/Multitask-Drone/src/install/drone_interfaces/share/drone_interfaces/msg/RawWaypoint.idl
[0.462s] -- Up-to-date: /home/x650/Multitask-Drone/src/install/drone_interfaces/share/drone_interfaces/srv/TaskDispatch.idl
[0.462s] -- Up-to-date: /home/x650/Multitask-Drone/src/install/drone_interfaces/share/drone_interfaces/srv/YoloRequest.idl
[0.462s] -- Up-to-date: /home/x650/Multitask-Drone/src/install/drone_interfaces/share/drone_interfaces/action/ExecuteWaypoint.idl
[0.462s] -- Up-to-date: /home/x650/Multitask-Drone/src/install/drone_interfaces/share/drone_interfaces/msg/Yaw.msg
[0.462s] -- Up-to-date: /home/x650/Multitask-Drone/src/install/drone_interfaces/share/drone_interfaces/msg/PanelBox.msg
[0.462s] -- Up-to-date: /home/x650/Multitask-Drone/src/install/drone_interfaces/share/drone_interfaces/msg/Task.msg
[0.462s] -- Up-to-date: /home/x650/Multitask-Drone/src/install/drone_interfaces/share/drone_interfaces/msg/RawWaypoint.msg
[0.462s] -- Up-to-date: /home/x650/Multitask-Drone/src/install/drone_interfaces/share/drone_interfaces/srv/TaskDispatch.srv
[0.462s] -- Up-to-date: /home/x650/Multitask-Drone/src/install/drone_interfaces/share/drone_interfaces/srv/TaskDispatch_Request.msg
[0.462s] -- Up-to-date: /home/x650/Multitask-Drone/src/install/drone_interfaces/share/drone_interfaces/srv/TaskDispatch_Response.msg
[0.462s] -- Up-to-date: /home/x650/Multitask-Drone/src/install/drone_interfaces/share/drone_interfaces/srv/YoloRequest.srv
[0.462s] -- Up-to-date: /home/x650/Multitask-Drone/src/install/drone_interfaces/share/drone_interfaces/srv/YoloRequest_Request.msg
[0.462s] -- Up-to-date: /home/x650/Multitask-Drone/src/install/drone_interfaces/share/drone_interfaces/srv/YoloRequest_Response.msg
[0.462s] -- Up-to-date: /home/x650/Multitask-Drone/src/install/drone_interfaces/share/drone_interfaces/action/ExecuteWaypoint.action
[0.462s] -- Up-to-date: /home/x650/Multitask-Drone/src/install/drone_interfaces/share/ament_index/resource_index/package_run_dependencies/drone_interfaces
[0.462s] -- Up-to-date: /home/x650/Multitask-Drone/src/install/drone_interfaces/share/ament_index/resource_index/parent_prefix_path/drone_interfaces
[0.462s] -- Up-to-date: /home/x650/Multitask-Drone/src/install/drone_interfaces/share/drone_interfaces/environment/ament_prefix_path.sh
[0.462s] -- Up-to-date: /home/x650/Multitask-Drone/src/install/drone_interfaces/share/drone_interfaces/environment/ament_prefix_path.dsv
[0.462s] -- Up-to-date: /home/x650/Multitask-Drone/src/install/drone_interfaces/share/drone_interfaces/environment/path.sh
[0.462s] -- Up-to-date: /home/x650/Multitask-Drone/src/install/drone_interfaces/share/drone_interfaces/environment/path.dsv
[0.462s] -- Up-to-date: /home/x650/Multitask-Drone/src/install/drone_interfaces/share/drone_interfaces/local_setup.bash
[0.462s] -- Up-to-date: /home/x650/Multitask-Drone/src/install/drone_interfaces/share/drone_interfaces/local_setup.sh
[0.462s] -- Up-to-date: /home/x650/Multitask-Drone/src/install/drone_interfaces/share/drone_interfaces/local_setup.zsh
[0.462s] -- Up-to-date: /home/x650/Multitask-Drone/src/install/drone_interfaces/share/drone_interfaces/local_setup.dsv
[0.462s] -- Installing: /home/x650/Multitask-Drone/src/install/drone_interfaces/share/drone_interfaces/package.dsv
[0.462s] -- Up-to-date: /home/x650/Multitask-Drone/src/install/drone_interfaces/share/ament_index/resource_index/packages/drone_interfaces
[0.463s] -- Up-to-date: /home/x650/Multitask-Drone/src/install/drone_interfaces/share/drone_interfaces/cmake/export_drone_interfaces__rosidl_generator_cExport.cmake
[0.463s] -- Up-to-date: /home/x650/Multitask-Drone/src/install/drone_interfaces/share/drone_interfaces/cmake/export_drone_interfaces__rosidl_generator_cExport-noconfig.cmake
[0.463s] -- Up-to-date: /home/x650/Multitask-Drone/src/install/drone_interfaces/share/drone_interfaces/cmake/export_drone_interfaces__rosidl_typesupport_fastrtps_cExport.cmake
[0.463s] -- Up-to-date: /home/x650/Multitask-Drone/src/install/drone_interfaces/share/drone_interfaces/cmake/export_drone_interfaces__rosidl_typesupport_fastrtps_cExport-noconfig.cmake
[0.463s] -- Up-to-date: /home/x650/Multitask-Drone/src/install/drone_interfaces/share/drone_interfaces/cmake/drone_interfaces__rosidl_typesupport_introspection_cExport.cmake
[0.463s] -- Up-to-date: /home/x650/Multitask-Drone/src/install/drone_interfaces/share/drone_interfaces/cmake/drone_interfaces__rosidl_typesupport_introspection_cExport-noconfig.cmake
[0.463s] -- Up-to-date: /home/x650/Multitask-Drone/src/install/drone_interfaces/share/drone_interfaces/cmake/drone_interfaces__rosidl_typesupport_cExport.cmake
[0.463s] -- Up-to-date: /home/x650/Multitask-Drone/src/install/drone_interfaces/share/drone_interfaces/cmake/drone_interfaces__rosidl_typesupport_cExport-noconfig.cmake
[0.463s] -- Up-to-date: /home/x650/Multitask-Drone/src/install/drone_interfaces/share/drone_interfaces/cmake/export_drone_interfaces__rosidl_generator_cppExport.cmake
[0.463s] -- Up-to-date: /home/x650/Multitask-Drone/src/install/drone_interfaces/share/drone_interfaces/cmake/export_drone_interfaces__rosidl_typesupport_fastrtps_cppExport.cmake
[0.463s] -- Up-to-date: /home/x650/Multitask-Drone/src/install/drone_interfaces/share/drone_interfaces/cmake/export_drone_interfaces__rosidl_typesupport_fastrtps_cppExport-noconfig.cmake
[0.463s] -- Up-to-date: /home/x650/Multitask-Drone/src/install/drone_interfaces/share/drone_interfaces/cmake/drone_interfaces__rosidl_typesupport_introspection_cppExport.cmake
[0.463s] -- Up-to-date: /home/x650/Multitask-Drone/src/install/drone_interfaces/share/drone_interfaces/cmake/drone_interfaces__rosidl_typesupport_introspection_cppExport-noconfig.cmake
[0.463s] -- Up-to-date: /home/x650/Multitask-Drone/src/install/drone_interfaces/share/drone_interfaces/cmake/drone_interfaces__rosidl_typesupport_cppExport.cmake
[0.463s] -- Up-to-date: /home/x650/Multitask-Drone/src/install/drone_interfaces/share/drone_interfaces/cmake/drone_interfaces__rosidl_typesupport_cppExport-noconfig.cmake
[0.463s] -- Up-to-date: /home/x650/Multitask-Drone/src/install/drone_interfaces/share/drone_interfaces/cmake/export_drone_interfaces__rosidl_generator_pyExport.cmake
[0.463s] -- Up-to-date: /home/x650/Multitask-Drone/src/install/drone_interfaces/share/drone_interfaces/cmake/export_drone_interfaces__rosidl_generator_pyExport-noconfig.cmake
[0.463s] -- Up-to-date: /home/x650/Multitask-Drone/src/install/drone_interfaces/share/drone_interfaces/cmake/rosidl_cmake-extras.cmake
[0.463s] -- Up-to-date: /home/x650/Multitask-Drone/src/install/drone_interfaces/share/drone_interfaces/cmake/ament_cmake_export_dependencies-extras.cmake
[0.463s] -- Up-to-date: /home/x650/Multitask-Drone/src/install/drone_interfaces/share/drone_interfaces/cmake/ament_cmake_export_include_directories-extras.cmake
[0.463s] -- Up-to-date: /home/x650/Multitask-Drone/src/install/drone_interfaces/share/drone_interfaces/cmake/ament_cmake_export_libraries-extras.cmake
[0.463s] -- Up-to-date: /home/x650/Multitask-Drone/src/install/drone_interfaces/share/drone_interfaces/cmake/ament_cmake_export_targets-extras.cmake
[0.464s] -- Up-to-date: /home/x650/Multitask-Drone/src/install/drone_interfaces/share/drone_interfaces/cmake/rosidl_cmake_export_typesupport_targets-extras.cmake
[0.464s] -- Up-to-date: /home/x650/Multitask-Drone/src/install/drone_interfaces/share/drone_interfaces/cmake/rosidl_cmake_export_typesupport_libraries-extras.cmake
[0.464s] -- Up-to-date: /home/x650/Multitask-Drone/src/install/drone_interfaces/share/drone_interfaces/cmake/drone_interfacesConfig.cmake
[0.464s] -- Up-to-date: /home/x650/Multitask-Drone/src/install/drone_interfaces/share/drone_interfaces/cmake/drone_interfacesConfig-version.cmake
[0.464s] -- Up-to-date: /home/x650/Multitask-Drone/src/install/drone_interfaces/share/drone_interfaces/package.xml
[0.465s] Invoked command in '/home/x650/Multitask-Drone/src/build/drone_interfaces' returned '0': CMAKE_PREFIX_PATH=${CMAKE_PREFIX_PATH}:/home/x650/Multitask-Drone/src/install/drone_vision:/home/x650/Multitask-Drone/src/install/drone_monitor:/home/x650/Multitask-Drone/src/install/drone_controller:/opt/ros/humble /usr/bin/cmake --install /home/x650/Multitask-Drone/src/build/drone_interfaces
