[0.724s] Invoking command in '/home/x650/Multitask-Drone/src/drone_controller': PYTHONPATH=/home/x650/Multitask-Drone/src/build/drone_controller/prefix_override:/usr/lib/python3/dist-packages/colcon_core/task/python/colcon_distutils_commands:/home/x650/Multitask-Drone/src/install/drone_controller/lib/python3.10/site-packages:${PYTHONPATH} /usr/bin/python3 -W ignore:setup.py install is deprecated setup.py egg_info --egg-base ../build/drone_controller build --build-base /home/x650/Multitask-Drone/src/build/drone_controller/build install --record /home/x650/Multitask-Drone/src/build/drone_controller/install.log --single-version-externally-managed install_data
[0.905s] running egg_info
[0.917s] writing ../build/drone_controller/drone_controller.egg-info/PKG-INFO
[0.917s] writing dependency_links to ../build/drone_controller/drone_controller.egg-info/dependency_links.txt
[0.918s] writing entry points to ../build/drone_controller/drone_controller.egg-info/entry_points.txt
[0.918s] writing requirements to ../build/drone_controller/drone_controller.egg-info/requires.txt
[0.918s] writing top-level names to ../build/drone_controller/drone_controller.egg-info/top_level.txt
[0.945s] reading manifest file '../build/drone_controller/drone_controller.egg-info/SOURCES.txt'
[0.946s] adding license file 'LICENSE'
[0.946s] writing manifest file '../build/drone_controller/drone_controller.egg-info/SOURCES.txt'
[0.947s] running build
[0.947s] running build_py
[0.947s] copying drone_controller/socket_bridge.py -> /home/x650/Multitask-Drone/src/build/drone_controller/build/lib/drone_controller
[0.947s] copying drone_controller/__init__.py -> /home/x650/Multitask-Drone/src/build/drone_controller/build/lib/drone_controller
[0.947s] copying drone_controller/constant.py -> /home/x650/Multitask-Drone/src/build/drone_controller/build/lib/drone_controller
[0.947s] copying drone_controller/config.py -> /home/x650/Multitask-Drone/src/build/drone_controller/build/lib/drone_controller
[0.948s] copying drone_controller/utils.py -> /home/x650/Multitask-Drone/src/build/drone_controller/build/lib/drone_controller
[0.948s] copying drone_controller/drone_controller.py -> /home/x650/Multitask-Drone/src/build/drone_controller/build/lib/drone_controller
[0.948s] copying drone_controller/task/task_handler.py -> /home/x650/Multitask-Drone/src/build/drone_controller/build/lib/drone_controller/task
[0.948s] copying drone_controller/task/task_executor.py -> /home/x650/Multitask-Drone/src/build/drone_controller/build/lib/drone_controller/task
[0.948s] copying drone_controller/task/__init__.py -> /home/x650/Multitask-Drone/src/build/drone_controller/build/lib/drone_controller/task
[0.948s] copying drone_controller/waypoint/waypoint_handler.py -> /home/x650/Multitask-Drone/src/build/drone_controller/build/lib/drone_controller/waypoint
[0.948s] copying drone_controller/waypoint/waypoint.py -> /home/x650/Multitask-Drone/src/build/drone_controller/build/lib/drone_controller/waypoint
[0.948s] copying drone_controller/waypoint/__init__.py -> /home/x650/Multitask-Drone/src/build/drone_controller/build/lib/drone_controller/waypoint
[0.949s] copying drone_controller/waypoint/waypoint_task_executor.py -> /home/x650/Multitask-Drone/src/build/drone_controller/build/lib/drone_controller/waypoint
[0.949s] running install
[0.953s] running install_lib
[0.965s] copying /home/x650/Multitask-Drone/src/build/drone_controller/build/lib/drone_controller/task/task_executor.py -> /home/x650/Multitask-Drone/src/install/drone_controller/lib/python3.10/site-packages/drone_controller/task
[0.965s] copying /home/x650/Multitask-Drone/src/build/drone_controller/build/lib/drone_controller/drone_controller.py -> /home/x650/Multitask-Drone/src/install/drone_controller/lib/python3.10/site-packages/drone_controller
[0.966s] byte-compiling /home/x650/Multitask-Drone/src/install/drone_controller/lib/python3.10/site-packages/drone_controller/task/task_executor.py to task_executor.cpython-310.pyc
[0.967s] byte-compiling /home/x650/Multitask-Drone/src/install/drone_controller/lib/python3.10/site-packages/drone_controller/drone_controller.py to drone_controller.cpython-310.pyc
[0.968s] running install_data
[0.969s] copying resource/drone_controller -> /home/x650/Multitask-Drone/src/install/drone_controller/share/ament_index/resource_index/packages
[0.969s] copying package.xml -> /home/x650/Multitask-Drone/src/install/drone_controller/share/drone_controller
[0.969s] copying launch/drone_controller.launch.py -> /home/x650/Multitask-Drone/src/install/drone_controller/share/drone_controller
[0.969s] running install_egg_info
[0.982s] removing '/home/x650/Multitask-Drone/src/install/drone_controller/lib/python3.10/site-packages/drone_controller-0.0.0-py3.10.egg-info' (and everything under it)
[0.982s] Copying ../build/drone_controller/drone_controller.egg-info to /home/x650/Multitask-Drone/src/install/drone_controller/lib/python3.10/site-packages/drone_controller-0.0.0-py3.10.egg-info
[0.983s] running install_scripts
[1.083s] Installing drone_controller script to /home/x650/Multitask-Drone/src/install/drone_controller/lib/drone_controller
[1.083s] Installing task_executor script to /home/x650/Multitask-Drone/src/install/drone_controller/lib/drone_controller
[1.083s] Installing waypoint_handler script to /home/x650/Multitask-Drone/src/install/drone_controller/lib/drone_controller
[1.083s] writing list of installed files to '/home/x650/Multitask-Drone/src/build/drone_controller/install.log'
[1.121s] Invoked command in '/home/x650/Multitask-Drone/src/drone_controller' returned '0': PYTHONPATH=/home/x650/Multitask-Drone/src/build/drone_controller/prefix_override:/usr/lib/python3/dist-packages/colcon_core/task/python/colcon_distutils_commands:/home/x650/Multitask-Drone/src/install/drone_controller/lib/python3.10/site-packages:${PYTHONPATH} /usr/bin/python3 -W ignore:setup.py install is deprecated setup.py egg_info --egg-base ../build/drone_controller build --build-base /home/x650/Multitask-Drone/src/build/drone_controller/build install --record /home/x650/Multitask-Drone/src/build/drone_controller/install.log --single-version-externally-managed install_data
