[0.777s] Invoking command in '/home/x650/Multitask-Drone/src/drone_controller': PYTHONPATH=/home/x650/Multitask-Drone/src/build/drone_controller/prefix_override:/usr/lib/python3/dist-packages/colcon_core/task/python/colcon_distutils_commands:/home/x650/Multitask-Drone/src/install/drone_controller/lib/python3.10/site-packages:${PYTHONPATH} /usr/bin/python3 -W ignore:setup.py install is deprecated setup.py egg_info --egg-base ../build/drone_controller build --build-base /home/x650/Multitask-Drone/src/build/drone_controller/build install --record /home/x650/Multitask-Drone/src/build/drone_controller/install.log --single-version-externally-managed install_data
[1.039s] running egg_info
[1.053s] writing ../build/drone_controller/drone_controller.egg-info/PKG-INFO
[1.054s] writing dependency_links to ../build/drone_controller/drone_controller.egg-info/dependency_links.txt
[1.054s] writing entry points to ../build/drone_controller/drone_controller.egg-info/entry_points.txt
[1.054s] writing requirements to ../build/drone_controller/drone_controller.egg-info/requires.txt
[1.054s] writing top-level names to ../build/drone_controller/drone_controller.egg-info/top_level.txt
[1.079s] reading manifest file '../build/drone_controller/drone_controller.egg-info/SOURCES.txt'
[1.080s] adding license file 'LICENSE'
[1.081s] writing manifest file '../build/drone_controller/drone_controller.egg-info/SOURCES.txt'
[1.082s] running build
[1.082s] running build_py
[1.082s] copying drone_controller/__init__.py -> /home/x650/Multitask-Drone/src/build/drone_controller/build/lib/drone_controller
[1.083s] copying drone_controller/constant.py -> /home/x650/Multitask-Drone/src/build/drone_controller/build/lib/drone_controller
[1.083s] copying drone_controller/config.py -> /home/x650/Multitask-Drone/src/build/drone_controller/build/lib/drone_controller
[1.083s] copying drone_controller/utils.py -> /home/x650/Multitask-Drone/src/build/drone_controller/build/lib/drone_controller
[1.084s] copying drone_controller/drone_controller.py -> /home/x650/Multitask-Drone/src/build/drone_controller/build/lib/drone_controller
[1.084s] copying drone_controller/task/task_handler.py -> /home/x650/Multitask-Drone/src/build/drone_controller/build/lib/drone_controller/task
[1.084s] copying drone_controller/task/task_executor.py -> /home/x650/Multitask-Drone/src/build/drone_controller/build/lib/drone_controller/task
[1.085s] copying drone_controller/task/__init__.py -> /home/x650/Multitask-Drone/src/build/drone_controller/build/lib/drone_controller/task
[1.085s] copying drone_controller/waypoint/waypoint_handler.py -> /home/x650/Multitask-Drone/src/build/drone_controller/build/lib/drone_controller/waypoint
[1.085s] copying drone_controller/waypoint/waypoint.py -> /home/x650/Multitask-Drone/src/build/drone_controller/build/lib/drone_controller/waypoint
[1.085s] copying drone_controller/waypoint/__init__.py -> /home/x650/Multitask-Drone/src/build/drone_controller/build/lib/drone_controller/waypoint
[1.086s] copying drone_controller/waypoint/waypoint_task_executor.py -> /home/x650/Multitask-Drone/src/build/drone_controller/build/lib/drone_controller/waypoint
[1.088s] running install
[1.093s] running install_lib
[1.108s] copying /home/x650/Multitask-Drone/src/build/drone_controller/build/lib/drone_controller/waypoint/waypoint_task_executor.py -> /home/x650/Multitask-Drone/src/install/drone_controller/lib/python3.10/site-packages/drone_controller/waypoint
[1.109s] byte-compiling /home/x650/Multitask-Drone/src/install/drone_controller/lib/python3.10/site-packages/drone_controller/waypoint/waypoint_task_executor.py to waypoint_task_executor.cpython-310.pyc
[1.112s] running install_data
[1.112s] copying resource/drone_controller -> /home/x650/Multitask-Drone/src/install/drone_controller/share/ament_index/resource_index/packages
[1.113s] copying package.xml -> /home/x650/Multitask-Drone/src/install/drone_controller/share/drone_controller
[1.113s] copying launch/drone_controller.launch.py -> /home/x650/Multitask-Drone/src/install/drone_controller/share/drone_controller
[1.113s] running install_egg_info
[1.132s] removing '/home/x650/Multitask-Drone/src/install/drone_controller/lib/python3.10/site-packages/drone_controller-0.0.0-py3.10.egg-info' (and everything under it)
[1.133s] Copying ../build/drone_controller/drone_controller.egg-info to /home/x650/Multitask-Drone/src/install/drone_controller/lib/python3.10/site-packages/drone_controller-0.0.0-py3.10.egg-info
[1.134s] running install_scripts
[1.274s] Installing drone_controller script to /home/x650/Multitask-Drone/src/install/drone_controller/lib/drone_controller
[1.275s] Installing task_executor script to /home/x650/Multitask-Drone/src/install/drone_controller/lib/drone_controller
[1.275s] Installing waypoint_handler script to /home/x650/Multitask-Drone/src/install/drone_controller/lib/drone_controller
[1.275s] Installing waypoint_task_executor script to /home/x650/Multitask-Drone/src/install/drone_controller/lib/drone_controller
[1.276s] writing list of installed files to '/home/x650/Multitask-Drone/src/build/drone_controller/install.log'
[1.430s] Invoked command in '/home/x650/Multitask-Drone/src/drone_controller' returned '0': PYTHONPATH=/home/x650/Multitask-Drone/src/build/drone_controller/prefix_override:/usr/lib/python3/dist-packages/colcon_core/task/python/colcon_distutils_commands:/home/x650/Multitask-Drone/src/install/drone_controller/lib/python3.10/site-packages:${PYTHONPATH} /usr/bin/python3 -W ignore:setup.py install is deprecated setup.py egg_info --egg-base ../build/drone_controller build --build-base /home/x650/Multitask-Drone/src/build/drone_controller/build install --record /home/x650/Multitask-Drone/src/build/drone_controller/install.log --single-version-externally-managed install_data
