[0.649s] Invoking command in '/home/x650/Multitask-Drone/src/drone_vision': PYTHONPATH=/home/x650/Multitask-Drone/src/build/drone_vision/prefix_override:/usr/lib/python3/dist-packages/colcon_core/task/python/colcon_distutils_commands:/home/x650/Multitask-Drone/src/install/drone_vision/lib/python3.10/site-packages:${PYTHONPATH} /usr/bin/python3 -W ignore:setup.py install is deprecated setup.py egg_info --egg-base ../build/drone_vision build --build-base /home/x650/Multitask-Drone/src/build/drone_vision/build install --record /home/x650/Multitask-Drone/src/build/drone_vision/install.log --single-version-externally-managed install_data
[0.813s] running egg_info
[0.825s] writing ../build/drone_vision/drone_vision.egg-info/PKG-INFO
[0.826s] writing dependency_links to ../build/drone_vision/drone_vision.egg-info/dependency_links.txt
[0.826s] writing entry points to ../build/drone_vision/drone_vision.egg-info/entry_points.txt
[0.826s] writing requirements to ../build/drone_vision/drone_vision.egg-info/requires.txt
[0.826s] writing top-level names to ../build/drone_vision/drone_vision.egg-info/top_level.txt
[0.851s] reading manifest file '../build/drone_vision/drone_vision.egg-info/SOURCES.txt'
[0.852s] adding license file 'LICENSE'
[0.852s] writing manifest file '../build/drone_vision/drone_vision.egg-info/SOURCES.txt'
[0.853s] running build
[0.853s] running build_py
[0.853s] copying drone_vision/__init__.py -> /home/x650/Multitask-Drone/src/build/drone_vision/build/lib/drone_vision
[0.853s] copying drone_vision/object_detector.py -> /home/x650/Multitask-Drone/src/build/drone_vision/build/lib/drone_vision
[0.853s] copying drone_vision/utils.py -> /home/x650/Multitask-Drone/src/build/drone_vision/build/lib/drone_vision
[0.854s] running install
[0.857s] running install_lib
[0.867s] copying /home/x650/Multitask-Drone/src/build/drone_vision/build/lib/drone_vision/object_detector.py -> /home/x650/Multitask-Drone/src/install/drone_vision/lib/python3.10/site-packages/drone_vision
[0.867s] byte-compiling /home/x650/Multitask-Drone/src/install/drone_vision/lib/python3.10/site-packages/drone_vision/object_detector.py to object_detector.cpython-310.pyc
[0.868s] running install_data
[0.868s] copying resource/drone_vision -> /home/x650/Multitask-Drone/src/install/drone_vision/share/ament_index/resource_index/packages
[0.868s] copying package.xml -> /home/x650/Multitask-Drone/src/install/drone_vision/share/drone_vision
[0.869s] copying launch/drone_vision.launch.py -> /home/x650/Multitask-Drone/src/install/drone_vision/share/drone_vision
[0.869s] running install_egg_info
[0.879s] removing '/home/x650/Multitask-Drone/src/install/drone_vision/lib/python3.10/site-packages/drone_vision-0.0.0-py3.10.egg-info' (and everything under it)
[0.880s] Copying ../build/drone_vision/drone_vision.egg-info to /home/x650/Multitask-Drone/src/install/drone_vision/lib/python3.10/site-packages/drone_vision-0.0.0-py3.10.egg-info
[0.880s] running install_scripts
[0.983s] Installing object_detector script to /home/x650/Multitask-Drone/src/install/drone_vision/lib/drone_vision
[0.983s] writing list of installed files to '/home/x650/Multitask-Drone/src/build/drone_vision/install.log'
[1.022s] Invoked command in '/home/x650/Multitask-Drone/src/drone_vision' returned '0': PYTHONPATH=/home/x650/Multitask-Drone/src/build/drone_vision/prefix_override:/usr/lib/python3/dist-packages/colcon_core/task/python/colcon_distutils_commands:/home/x650/Multitask-Drone/src/install/drone_vision/lib/python3.10/site-packages:${PYTHONPATH} /usr/bin/python3 -W ignore:setup.py install is deprecated setup.py egg_info --egg-base ../build/drone_vision build --build-base /home/x650/Multitask-Drone/src/build/drone_vision/build install --record /home/x650/Multitask-Drone/src/build/drone_vision/install.log --single-version-externally-managed install_data
