running egg_info
writing ../build/drone_vision/drone_vision.egg-info/PKG-INFO
writing dependency_links to ../build/drone_vision/drone_vision.egg-info/dependency_links.txt
writing entry points to ../build/drone_vision/drone_vision.egg-info/entry_points.txt
writing requirements to ../build/drone_vision/drone_vision.egg-info/requires.txt
writing top-level names to ../build/drone_vision/drone_vision.egg-info/top_level.txt
reading manifest file '../build/drone_vision/drone_vision.egg-info/SOURCES.txt'
adding license file 'LICENSE'
writing manifest file '../build/drone_vision/drone_vision.egg-info/SOURCES.txt'
running build
running build_py
copying drone_vision/__init__.py -> /home/x650/Multitask-Drone/src/build/drone_vision/build/lib/drone_vision
copying drone_vision/object_detector.py -> /home/x650/Multitask-Drone/src/build/drone_vision/build/lib/drone_vision
copying drone_vision/utils.py -> /home/x650/Multitask-Drone/src/build/drone_vision/build/lib/drone_vision
running install
running install_lib
running install_data
copying resource/drone_vision -> /home/x650/Multitask-Drone/src/install/drone_vision/share/ament_index/resource_index/packages
copying package.xml -> /home/x650/Multitask-Drone/src/install/drone_vision/share/drone_vision
copying launch/drone_vision.launch.py -> /home/x650/Multitask-Drone/src/install/drone_vision/share/drone_vision
running install_egg_info
removing '/home/x650/Multitask-Drone/src/install/drone_vision/lib/python3.10/site-packages/drone_vision-0.0.0-py3.10.egg-info' (and everything under it)
Copying ../build/drone_vision/drone_vision.egg-info to /home/x650/Multitask-Drone/src/install/drone_vision/lib/python3.10/site-packages/drone_vision-0.0.0-py3.10.egg-info
running install_scripts
Installing object_detector script to /home/x650/Multitask-Drone/src/install/drone_vision/lib/drone_vision
writing list of installed files to '/home/x650/Multitask-Drone/src/build/drone_vision/install.log'
