[1.156s] Invoking command in '/home/x650/Multitask-Drone/src/drone_controller': AMENT_PREFIX_PATH=/home/x650/Multitask-Drone/src/install/drone_interfaces:${AMENT_PREFIX_PATH} CMAKE_PREFIX_PATH=/home/x650/Multitask-Drone/src/install/drone_interfaces LD_LIBRARY_PATH=/home/x650/Multitask-Drone/src/install/drone_interfaces/lib:${LD_LIBRARY_PATH} PYTHONPATH=/home/x650/Multitask-Drone/src/build/drone_controller/prefix_override:/usr/lib/python3/dist-packages/colcon_core/task/python/colcon_distutils_commands:/home/x650/Multitask-Drone/src/install/drone_controller/lib/python3.10/site-packages:/home/x650/Multitask-Drone/src/install/drone_interfaces/local/lib/python3.10/dist-packages:${PYTHONPATH} /usr/bin/python3 -W ignore:setup.py install is deprecated setup.py egg_info --egg-base ../build/drone_controller build --build-base /home/x650/Multitask-Drone/src/build/drone_controller/build install --record /home/x650/Multitask-Drone/src/build/drone_controller/install.log --single-version-externally-managed install_data
[1.321s] running egg_info
[1.330s] writing ../build/drone_controller/drone_controller.egg-info/PKG-INFO
[1.331s] writing dependency_links to ../build/drone_controller/drone_controller.egg-info/dependency_links.txt
[1.331s] writing entry points to ../build/drone_controller/drone_controller.egg-info/entry_points.txt
[1.332s] writing requirements to ../build/drone_controller/drone_controller.egg-info/requires.txt
[1.332s] writing top-level names to ../build/drone_controller/drone_controller.egg-info/top_level.txt
[1.352s] reading manifest file '../build/drone_controller/drone_controller.egg-info/SOURCES.txt'
[1.352s] adding license file 'LICENSE'
[1.353s] writing manifest file '../build/drone_controller/drone_controller.egg-info/SOURCES.txt'
[1.353s] running build
[1.353s] running build_py
[1.353s] copying drone_controller/__init__.py -> /home/x650/Multitask-Drone/src/build/drone_controller/build/lib/drone_controller
[1.354s] copying drone_controller/constant.py -> /home/x650/Multitask-Drone/src/build/drone_controller/build/lib/drone_controller
[1.354s] copying drone_controller/config.py -> /home/x650/Multitask-Drone/src/build/drone_controller/build/lib/drone_controller
[1.354s] copying drone_controller/utils.py -> /home/x650/Multitask-Drone/src/build/drone_controller/build/lib/drone_controller
[1.354s] copying drone_controller/drone_controller.py -> /home/x650/Multitask-Drone/src/build/drone_controller/build/lib/drone_controller
[1.355s] copying drone_controller/task/task_handler.py -> /home/x650/Multitask-Drone/src/build/drone_controller/build/lib/drone_controller/task
[1.355s] copying drone_controller/task/task_executor.py -> /home/x650/Multitask-Drone/src/build/drone_controller/build/lib/drone_controller/task
[1.356s] copying drone_controller/task/__init__.py -> /home/x650/Multitask-Drone/src/build/drone_controller/build/lib/drone_controller/task
[1.356s] copying drone_controller/waypoint/waypoint_handler.py -> /home/x650/Multitask-Drone/src/build/drone_controller/build/lib/drone_controller/waypoint
[1.356s] copying drone_controller/waypoint/waypoint.py -> /home/x650/Multitask-Drone/src/build/drone_controller/build/lib/drone_controller/waypoint
[1.357s] copying drone_controller/waypoint/__init__.py -> /home/x650/Multitask-Drone/src/build/drone_controller/build/lib/drone_controller/waypoint
[1.357s] copying drone_controller/waypoint/waypoint_task_executor.py -> /home/x650/Multitask-Drone/src/build/drone_controller/build/lib/drone_controller/waypoint
[1.357s] running install
[1.361s] running install_lib
[1.370s] copying /home/x650/Multitask-Drone/src/build/drone_controller/build/lib/drone_controller/waypoint/waypoint_task_executor.py -> /home/x650/Multitask-Drone/src/install/drone_controller/lib/python3.10/site-packages/drone_controller/waypoint
[1.370s] byte-compiling /home/x650/Multitask-Drone/src/install/drone_controller/lib/python3.10/site-packages/drone_controller/waypoint/waypoint_task_executor.py to waypoint_task_executor.cpython-310.pyc
[1.371s] running install_data
[1.371s] copying resource/drone_controller -> /home/x650/Multitask-Drone/src/install/drone_controller/share/ament_index/resource_index/packages
[1.372s] copying package.xml -> /home/x650/Multitask-Drone/src/install/drone_controller/share/drone_controller
[1.372s] copying launch/drone_controller.launch.py -> /home/x650/Multitask-Drone/src/install/drone_controller/share/drone_controller
[1.372s] running install_egg_info
[1.382s] removing '/home/x650/Multitask-Drone/src/install/drone_controller/lib/python3.10/site-packages/drone_controller-0.0.0-py3.10.egg-info' (and everything under it)
[1.383s] Copying ../build/drone_controller/drone_controller.egg-info to /home/x650/Multitask-Drone/src/install/drone_controller/lib/python3.10/site-packages/drone_controller-0.0.0-py3.10.egg-info
[1.383s] running install_scripts
[1.460s] Installing drone_controller script to /home/x650/Multitask-Drone/src/install/drone_controller/lib/drone_controller
[1.460s] Installing task_executor script to /home/x650/Multitask-Drone/src/install/drone_controller/lib/drone_controller
[1.460s] Installing waypoint_handler script to /home/x650/Multitask-Drone/src/install/drone_controller/lib/drone_controller
[1.460s] writing list of installed files to '/home/x650/Multitask-Drone/src/build/drone_controller/install.log'
[1.480s] Invoked command in '/home/x650/Multitask-Drone/src/drone_controller' returned '0': AMENT_PREFIX_PATH=/home/x650/Multitask-Drone/src/install/drone_interfaces:${AMENT_PREFIX_PATH} CMAKE_PREFIX_PATH=/home/x650/Multitask-Drone/src/install/drone_interfaces LD_LIBRARY_PATH=/home/x650/Multitask-Drone/src/install/drone_interfaces/lib:${LD_LIBRARY_PATH} PYTHONPATH=/home/x650/Multitask-Drone/src/build/drone_controller/prefix_override:/usr/lib/python3/dist-packages/colcon_core/task/python/colcon_distutils_commands:/home/x650/Multitask-Drone/src/install/drone_controller/lib/python3.10/site-packages:/home/x650/Multitask-Drone/src/install/drone_interfaces/local/lib/python3.10/dist-packages:${PYTHONPATH} /usr/bin/python3 -W ignore:setup.py install is deprecated setup.py egg_info --egg-base ../build/drone_controller build --build-base /home/x650/Multitask-Drone/src/build/drone_controller/build install --record /home/x650/Multitask-Drone/src/build/drone_controller/install.log --single-version-externally-managed install_data
