[0.742s] Invoking command in '/home/x650/Multitask-Drone/src/drone_vision': PYTHONPATH=/home/x650/Multitask-Drone/src/build/drone_vision/prefix_override:/usr/lib/python3/dist-packages/colcon_core/task/python/colcon_distutils_commands:/home/x650/Multitask-Drone/src/install/drone_vision/lib/python3.10/site-packages:${PYTHONPATH} /usr/bin/python3 -W ignore:setup.py install is deprecated setup.py egg_info --egg-base ../build/drone_vision build --build-base /home/x650/Multitask-Drone/src/build/drone_vision/build install --record /home/x650/Multitask-Drone/src/build/drone_vision/install.log --single-version-externally-managed install_data
[1.035s] running egg_info
[1.049s] writing ../build/drone_vision/drone_vision.egg-info/PKG-INFO
[1.050s] writing dependency_links to ../build/drone_vision/drone_vision.egg-info/dependency_links.txt
[1.050s] writing entry points to ../build/drone_vision/drone_vision.egg-info/entry_points.txt
[1.050s] writing requirements to ../build/drone_vision/drone_vision.egg-info/requires.txt
[1.050s] writing top-level names to ../build/drone_vision/drone_vision.egg-info/top_level.txt
[1.077s] reading manifest file '../build/drone_vision/drone_vision.egg-info/SOURCES.txt'
[1.077s] adding license file 'LICENSE'
[1.078s] writing manifest file '../build/drone_vision/drone_vision.egg-info/SOURCES.txt'
[1.079s] running build
[1.079s] running build_py
[1.079s] copying drone_vision/__init__.py -> /home/x650/Multitask-Drone/src/build/drone_vision/build/lib/drone_vision
[1.079s] copying drone_vision/object_detector.py -> /home/x650/Multitask-Drone/src/build/drone_vision/build/lib/drone_vision
[1.080s] copying drone_vision/utils.py -> /home/x650/Multitask-Drone/src/build/drone_vision/build/lib/drone_vision
[1.080s] running install
[1.086s] running install_lib
[1.103s] running install_data
[1.103s] copying resource/drone_vision -> /home/x650/Multitask-Drone/src/install/drone_vision/share/ament_index/resource_index/packages
[1.103s] copying package.xml -> /home/x650/Multitask-Drone/src/install/drone_vision/share/drone_vision
[1.103s] copying launch/drone_vision.launch.py -> /home/x650/Multitask-Drone/src/install/drone_vision/share/drone_vision
[1.103s] running install_egg_info
[1.121s] removing '/home/x650/Multitask-Drone/src/install/drone_vision/lib/python3.10/site-packages/drone_vision-0.0.0-py3.10.egg-info' (and everything under it)
[1.121s] Copying ../build/drone_vision/drone_vision.egg-info to /home/x650/Multitask-Drone/src/install/drone_vision/lib/python3.10/site-packages/drone_vision-0.0.0-py3.10.egg-info
[1.121s] running install_scripts
[1.272s] Installing object_detector script to /home/x650/Multitask-Drone/src/install/drone_vision/lib/drone_vision
[1.273s] writing list of installed files to '/home/x650/Multitask-Drone/src/build/drone_vision/install.log'
[1.399s] Invoked command in '/home/x650/Multitask-Drone/src/drone_vision' returned '0': PYTHONPATH=/home/x650/Multitask-Drone/src/build/drone_vision/prefix_override:/usr/lib/python3/dist-packages/colcon_core/task/python/colcon_distutils_commands:/home/x650/Multitask-Drone/src/install/drone_vision/lib/python3.10/site-packages:${PYTHONPATH} /usr/bin/python3 -W ignore:setup.py install is deprecated setup.py egg_info --egg-base ../build/drone_vision build --build-base /home/x650/Multitask-Drone/src/build/drone_vision/build install --record /home/x650/Multitask-Drone/src/build/drone_vision/install.log --single-version-externally-managed install_data
