[1.360s] Invoking command in '/home/x650/Multitask-Drone/src/drone_monitor': PYTHONPATH=/home/x650/Multitask-Drone/src/build/drone_monitor/prefix_override:/usr/lib/python3/dist-packages/colcon_core/task/python/colcon_distutils_commands:/home/x650/Multitask-Drone/src/install/drone_monitor/lib/python3.10/site-packages:${PYTHONPATH} /usr/bin/python3 -W ignore:setup.py install is deprecated setup.py egg_info --egg-base ../build/drone_monitor build --build-base /home/x650/Multitask-Drone/src/build/drone_monitor/build install --record /home/x650/Multitask-Drone/src/build/drone_monitor/install.log --single-version-externally-managed install_data
[1.697s] running egg_info
[1.719s] writing ../build/drone_monitor/drone_monitor.egg-info/PKG-INFO
[1.720s] writing dependency_links to ../build/drone_monitor/drone_monitor.egg-info/dependency_links.txt
[1.720s] writing requirements to ../build/drone_monitor/drone_monitor.egg-info/requires.txt
[1.720s] writing top-level names to ../build/drone_monitor/drone_monitor.egg-info/top_level.txt
[1.767s] reading manifest file '../build/drone_monitor/drone_monitor.egg-info/SOURCES.txt'
[1.767s] adding license file 'LICENSE'
[1.768s] writing manifest file '../build/drone_monitor/drone_monitor.egg-info/SOURCES.txt'
[1.768s] running build
[1.768s] running build_py
[1.769s] copying src/__init__.py -> /home/x650/Multitask-Drone/src/build/drone_monitor/build/lib/src
[1.769s] running install
[1.774s] running install_lib
[1.788s] running install_data
[1.788s] copying resource/drone_monitor -> /home/x650/Multitask-Drone/src/install/drone_monitor/share/ament_index/resource_index/packages
[1.788s] copying package.xml -> /home/x650/Multitask-Drone/src/install/drone_monitor/share/drone_monitor
[1.788s] running install_egg_info
[1.801s] removing '/home/x650/Multitask-Drone/src/install/drone_monitor/lib/python3.10/site-packages/drone_monitor-0.0.0-py3.10.egg-info' (and everything under it)
[1.801s] Copying ../build/drone_monitor/drone_monitor.egg-info to /home/x650/Multitask-Drone/src/install/drone_monitor/lib/python3.10/site-packages/drone_monitor-0.0.0-py3.10.egg-info
[1.802s] running install_scripts
[1.911s] writing list of installed files to '/home/x650/Multitask-Drone/src/build/drone_monitor/install.log'
[1.947s] Invoked command in '/home/x650/Multitask-Drone/src/drone_monitor' returned '0': PYTHONPATH=/home/x650/Multitask-Drone/src/build/drone_monitor/prefix_override:/usr/lib/python3/dist-packages/colcon_core/task/python/colcon_distutils_commands:/home/x650/Multitask-Drone/src/install/drone_monitor/lib/python3.10/site-packages:${PYTHONPATH} /usr/bin/python3 -W ignore:setup.py install is deprecated setup.py egg_info --egg-base ../build/drone_monitor build --build-base /home/x650/Multitask-Drone/src/build/drone_monitor/build install --record /home/x650/Multitask-Drone/src/build/drone_monitor/install.log --single-version-externally-managed install_data
