running egg_info
writing ../build/drone_monitor/drone_monitor.egg-info/PKG-INFO
writing dependency_links to ../build/drone_monitor/drone_monitor.egg-info/dependency_links.txt
writing requirements to ../build/drone_monitor/drone_monitor.egg-info/requires.txt
writing top-level names to ../build/drone_monitor/drone_monitor.egg-info/top_level.txt
reading manifest file '../build/drone_monitor/drone_monitor.egg-info/SOURCES.txt'
adding license file 'LICENSE'
writing manifest file '../build/drone_monitor/drone_monitor.egg-info/SOURCES.txt'
running build
running build_py
copying src/__init__.py -> /home/x650/Multitask-Drone/src/build/drone_monitor/build/lib/src
running install
running install_lib
running install_data
copying resource/drone_monitor -> /home/x650/Multitask-Drone/src/install/drone_monitor/share/ament_index/resource_index/packages
copying package.xml -> /home/x650/Multitask-Drone/src/install/drone_monitor/share/drone_monitor
running install_egg_info
removing '/home/x650/Multitask-Drone/src/install/drone_monitor/lib/python3.10/site-packages/drone_monitor-0.0.0-py3.10.egg-info' (and everything under it)
Copying ../build/drone_monitor/drone_monitor.egg-info to /home/x650/Multitask-Drone/src/install/drone_monitor/lib/python3.10/site-packages/drone_monitor-0.0.0-py3.10.egg-info
running install_scripts
writing list of installed files to '/home/x650/Multitask-Drone/src/build/drone_monitor/install.log'
