[0.507s] Invoking command in '/home/x650/Multitask-Drone/src/drone_monitor': PYTHONPATH=/home/x650/Multitask-Drone/src/build/drone_monitor/prefix_override:/usr/lib/python3/dist-packages/colcon_core/task/python/colcon_distutils_commands:/home/x650/Multitask-Drone/src/install/drone_monitor/lib/python3.10/site-packages:${PYTHONPATH} /usr/bin/python3 -W ignore:setup.py install is deprecated setup.py egg_info --egg-base ../build/drone_monitor build --build-base /home/x650/Multitask-Drone/src/build/drone_monitor/build install --record /home/x650/Multitask-Drone/src/build/drone_monitor/install.log --single-version-externally-managed install_data
[0.696s] running egg_info
[0.710s] writing ../build/drone_monitor/drone_monitor.egg-info/PKG-INFO
[0.710s] writing dependency_links to ../build/drone_monitor/drone_monitor.egg-info/dependency_links.txt
[0.710s] writing requirements to ../build/drone_monitor/drone_monitor.egg-info/requires.txt
[0.710s] writing top-level names to ../build/drone_monitor/drone_monitor.egg-info/top_level.txt
[0.743s] reading manifest file '../build/drone_monitor/drone_monitor.egg-info/SOURCES.txt'
[0.743s] adding license file 'LICENSE'
[0.743s] writing manifest file '../build/drone_monitor/drone_monitor.egg-info/SOURCES.txt'
[0.743s] running build
[0.743s] running build_py
[0.744s] copying src/__init__.py -> /home/x650/Multitask-Drone/src/build/drone_monitor/build/lib/src
[0.744s] running install
[0.751s] running install_lib
[0.764s] running install_data
[0.764s] copying resource/drone_monitor -> /home/x650/Multitask-Drone/src/install/drone_monitor/share/ament_index/resource_index/packages
[0.764s] copying package.xml -> /home/x650/Multitask-Drone/src/install/drone_monitor/share/drone_monitor
[0.764s] running install_egg_info
[0.776s] removing '/home/x650/Multitask-Drone/src/install/drone_monitor/lib/python3.10/site-packages/drone_monitor-0.0.0-py3.10.egg-info' (and everything under it)
[0.777s] Copying ../build/drone_monitor/drone_monitor.egg-info to /home/x650/Multitask-Drone/src/install/drone_monitor/lib/python3.10/site-packages/drone_monitor-0.0.0-py3.10.egg-info
[0.777s] running install_scripts
[0.863s] writing list of installed files to '/home/x650/Multitask-Drone/src/build/drone_monitor/install.log'
[1.034s] Invoked command in '/home/x650/Multitask-Drone/src/drone_monitor' returned '0': PYTHONPATH=/home/x650/Multitask-Drone/src/build/drone_monitor/prefix_override:/usr/lib/python3/dist-packages/colcon_core/task/python/colcon_distutils_commands:/home/x650/Multitask-Drone/src/install/drone_monitor/lib/python3.10/site-packages:${PYTHONPATH} /usr/bin/python3 -W ignore:setup.py install is deprecated setup.py egg_info --egg-base ../build/drone_monitor build --build-base /home/x650/Multitask-Drone/src/build/drone_monitor/build install --record /home/x650/Multitask-Drone/src/build/drone_monitor/install.log --single-version-externally-managed install_data
