[0.010s] Invoking command in '/home/x650/Multitask-Drone/src/build/drone_interfaces': CMAKE_PREFIX_PATH=${CMAKE_PREFIX_PATH}:/home/x650/Multitask-Drone/src/install/drone_vision:/home/x650/Multitask-Drone/src/install/drone_monitor:/home/x650/Multitask-Drone/src/install/drone_controller:/opt/ros/humble /usr/bin/cmake /home/x650/Multitask-Drone/src/drone_interfaces -DCMAKE_INSTALL_PREFIX=/home/x650/Multitask-Drone/src/install/drone_interfaces
[0.059s] -- The C compiler identification is GNU 11.4.0
[0.104s] -- The CXX compiler identification is GNU 11.4.0
[0.109s] -- Detecting C compiler ABI info
[0.164s] -- Detecting C compiler ABI info - done
[0.170s] -- Check for working C compiler: /usr/bin/cc - skipped
[0.170s] -- Detecting C compile features
[0.170s] -- Detecting C compile features - done
[0.172s] -- Detecting CXX compiler ABI info
[0.237s] -- Detecting CXX compiler ABI info - done
[0.243s] -- Check for working CXX compiler: /usr/bin/c++ - skipped
[0.243s] -- Detecting CXX compile features
[0.243s] -- Detecting CXX compile features - done
[0.245s] -- Found ament_cmake: 1.3.10 (/opt/ros/humble/share/ament_cmake/cmake)
[0.514s] -- Found Python3: /usr/bin/python3 (found version "3.10.12") found components: Interpreter 
[0.576s] -- Found rosidl_default_generators: 1.2.0 (/opt/ros/humble/share/rosidl_default_generators/cmake)
[0.578s] -- Using all available rosidl_typesupport_c: rosidl_typesupport_fastrtps_c;rosidl_typesupport_introspection_c
[0.582s] -- Found rosidl_adapter: 3.1.5 (/opt/ros/humble/share/rosidl_adapter/cmake)
[0.608s] -- Using all available rosidl_typesupport_cpp: rosidl_typesupport_fastrtps_cpp;rosidl_typesupport_introspection_cpp
[0.630s] -- Found std_msgs: 4.2.4 (/opt/ros/humble/share/std_msgs/cmake)
[0.647s] -- Found mavros_msgs: 2.9.0 (/opt/ros/humble/share/mavros_msgs/cmake)
[0.708s] -- Found ament_lint_auto: 0.12.11 (/opt/ros/humble/share/ament_lint_auto/cmake)
[1.029s] -- Found ament_cmake_ros: 0.10.0 (/opt/ros/humble/share/ament_cmake_ros/cmake)
[1.351s] -- Using all available rosidl_typesupport_c: rosidl_typesupport_fastrtps_c;rosidl_typesupport_introspection_c
[1.779s] -- Using all available rosidl_typesupport_cpp: rosidl_typesupport_fastrtps_cpp;rosidl_typesupport_introspection_cpp
[1.801s] -- Found PythonInterp: /usr/bin/python3 (found suitable version "3.10.12", minimum required is "3.6") 
[1.801s] -- Found python_cmake_module: 0.10.0 (/opt/ros/humble/share/python_cmake_module/cmake)
[1.820s] -- Found PythonLibs: /usr/lib/x86_64-linux-gnu/libpython3.10.so (found suitable version "3.10.12", minimum required is "3.5") 
[1.820s] -- Using PYTHON_EXECUTABLE: /usr/bin/python3
[1.820s] -- Using PYTHON_INCLUDE_DIRS: /usr/include/python3.10
[1.820s] -- Using PYTHON_LIBRARIES: /usr/lib/x86_64-linux-gnu/libpython3.10.so
[1.845s] -- Found PythonExtra: .so  
[1.955s] -- Added test 'lint_cmake' to check CMake code style
[1.955s] -- Added test 'xmllint' to check XML markup files
[1.958s] -- Configuring done
[1.992s] -- Generating done
[1.994s] -- Build files have been written to: /home/x650/Multitask-Drone/src/build/drone_interfaces
[2.001s] Invoked command in '/home/x650/Multitask-Drone/src/build/drone_interfaces' returned '0': CMAKE_PREFIX_PATH=${CMAKE_PREFIX_PATH}:/home/x650/Multitask-Drone/src/install/drone_vision:/home/x650/Multitask-Drone/src/install/drone_monitor:/home/x650/Multitask-Drone/src/install/drone_controller:/opt/ros/humble /usr/bin/cmake /home/x650/Multitask-Drone/src/drone_interfaces -DCMAKE_INSTALL_PREFIX=/home/x650/Multitask-Drone/src/install/drone_interfaces
[2.002s] Invoking command in '/home/x650/Multitask-Drone/src/build/drone_interfaces': CMAKE_PREFIX_PATH=${CMAKE_PREFIX_PATH}:/home/x650/Multitask-Drone/src/install/drone_vision:/home/x650/Multitask-Drone/src/install/drone_monitor:/home/x650/Multitask-Drone/src/install/drone_controller:/opt/ros/humble /usr/bin/cmake --build /home/x650/Multitask-Drone/src/build/drone_interfaces -- -j16 -l16
[2.046s] [  1%] [34m[1mGenerating C code for ROS interfaces[0m
[2.054s] [  2%] [34m[1mGenerating C++ code for ROS interfaces[0m
[2.062s] [  2%] Built target ament_cmake_python_copy_drone_interfaces
[2.195s] running egg_info
[2.195s] creating drone_interfaces.egg-info
[2.204s] writing drone_interfaces.egg-info/PKG-INFO
[2.204s] writing dependency_links to drone_interfaces.egg-info/dependency_links.txt
[2.204s] writing top-level names to drone_interfaces.egg-info/top_level.txt
[2.204s] writing manifest file 'drone_interfaces.egg-info/SOURCES.txt'
[2.229s] reading manifest file 'drone_interfaces.egg-info/SOURCES.txt'
[2.229s] writing manifest file 'drone_interfaces.egg-info/SOURCES.txt'
[2.250s] [  2%] Built target ament_cmake_python_build_drone_interfaces_egg
[2.451s] [  2%] Built target drone_interfaces__cpp
[2.461s] [  5%] [34m[1mGenerating C++ type support for eProsima Fast-RTPS[0m
[2.461s] [  5%] [34m[1mGenerating C++ introspection for ROS interfaces[0m
[2.462s] [  7%] [34m[1mGenerating C++ type support dispatch for ROS interfaces[0m
[2.481s] [ 11%] [32mBuilding C object CMakeFiles/drone_interfaces__rosidl_generator_c.dir/rosidl_generator_c/drone_interfaces/msg/detail/task__functions.c.o[0m
[2.481s] [ 11%] [32mBuilding C object CMakeFiles/drone_interfaces__rosidl_generator_c.dir/rosidl_generator_c/drone_interfaces/msg/detail/raw_waypoint__functions.c.o[0m
[2.481s] [ 11%] [32mBuilding C object CMakeFiles/drone_interfaces__rosidl_generator_c.dir/rosidl_generator_c/drone_interfaces/action/detail/execute_waypoint__functions.c.o[0m
[2.484s] [ 14%] [32mBuilding C object CMakeFiles/drone_interfaces__rosidl_generator_c.dir/rosidl_generator_c/drone_interfaces/msg/detail/yaw__functions.c.o[0m
[2.484s] [ 14%] [32mBuilding C object CMakeFiles/drone_interfaces__rosidl_generator_c.dir/rosidl_generator_c/drone_interfaces/msg/detail/panel_box__functions.c.o[0m
[2.484s] [ 15%] [32mBuilding C object CMakeFiles/drone_interfaces__rosidl_generator_c.dir/rosidl_generator_c/drone_interfaces/srv/detail/task_dispatch__functions.c.o[0m
[2.574s] [ 16%] [32m[1mLinking C shared library libdrone_interfaces__rosidl_generator_c.so[0m
[2.606s] [ 16%] Built target drone_interfaces__rosidl_generator_c
[2.615s] [ 18%] [34m[1mGenerating C type support dispatch for ROS interfaces[0m
[2.616s] [ 19%] [34m[1mGenerating C introspection for ROS interfaces[0m
[2.618s] [ 21%] [34m[1mGenerating C type support for eProsima Fast-RTPS[0m
[2.726s] [ 22%] [32mBuilding CXX object CMakeFiles/drone_interfaces__rosidl_typesupport_cpp.dir/rosidl_typesupport_cpp/drone_interfaces/msg/task__type_support.cpp.o[0m
[2.727s] [ 25%] [32mBuilding CXX object CMakeFiles/drone_interfaces__rosidl_typesupport_cpp.dir/rosidl_typesupport_cpp/drone_interfaces/action/execute_waypoint__type_support.cpp.o[0m
[2.727s] [ 25%] [32mBuilding CXX object CMakeFiles/drone_interfaces__rosidl_typesupport_cpp.dir/rosidl_typesupport_cpp/drone_interfaces/srv/task_dispatch__type_support.cpp.o[0m
[2.728s] [ 28%] [32mBuilding CXX object CMakeFiles/drone_interfaces__rosidl_typesupport_cpp.dir/rosidl_typesupport_cpp/drone_interfaces/msg/yaw__type_support.cpp.o[0m
[2.728s] [ 28%] [32mBuilding CXX object CMakeFiles/drone_interfaces__rosidl_typesupport_cpp.dir/rosidl_typesupport_cpp/drone_interfaces/msg/panel_box__type_support.cpp.o[0m
[2.728s] [ 29%] [32mBuilding CXX object CMakeFiles/drone_interfaces__rosidl_typesupport_cpp.dir/rosidl_typesupport_cpp/drone_interfaces/msg/raw_waypoint__type_support.cpp.o[0m
[2.810s] [ 33%] [32mBuilding CXX object CMakeFiles/drone_interfaces__rosidl_typesupport_introspection_cpp.dir/rosidl_typesupport_introspection_cpp/drone_interfaces/msg/detail/raw_waypoint__type_support.cpp.o[0m
[2.810s] [ 33%] [32mBuilding CXX object CMakeFiles/drone_interfaces__rosidl_typesupport_introspection_cpp.dir/rosidl_typesupport_introspection_cpp/drone_interfaces/msg/detail/panel_box__type_support.cpp.o[0m
[2.810s] [ 35%] [32mBuilding CXX object CMakeFiles/drone_interfaces__rosidl_typesupport_introspection_cpp.dir/rosidl_typesupport_introspection_cpp/drone_interfaces/srv/detail/task_dispatch__type_support.cpp.o[0m
[2.810s] [ 36%] [32mBuilding CXX object CMakeFiles/drone_interfaces__rosidl_typesupport_introspection_cpp.dir/rosidl_typesupport_introspection_cpp/drone_interfaces/action/detail/execute_waypoint__type_support.cpp.o[0m
[2.811s] [ 36%] [32mBuilding CXX object CMakeFiles/drone_interfaces__rosidl_typesupport_introspection_cpp.dir/rosidl_typesupport_introspection_cpp/drone_interfaces/msg/detail/yaw__type_support.cpp.o[0m
[2.811s] [ 38%] [32mBuilding CXX object CMakeFiles/drone_interfaces__rosidl_typesupport_introspection_cpp.dir/rosidl_typesupport_introspection_cpp/drone_interfaces/msg/detail/task__type_support.cpp.o[0m
[3.105s] [ 40%] [32mBuilding CXX object CMakeFiles/drone_interfaces__rosidl_typesupport_c.dir/rosidl_typesupport_c/drone_interfaces/msg/task__type_support.cpp.o[0m
[3.105s] [ 40%] [32mBuilding CXX object CMakeFiles/drone_interfaces__rosidl_typesupport_c.dir/rosidl_typesupport_c/drone_interfaces/msg/yaw__type_support.cpp.o[0m
[3.107s] [ 42%] [32mBuilding CXX object CMakeFiles/drone_interfaces__rosidl_typesupport_c.dir/rosidl_typesupport_c/drone_interfaces/msg/raw_waypoint__type_support.cpp.o[0m
[3.110s] [ 43%] [32mBuilding CXX object CMakeFiles/drone_interfaces__rosidl_typesupport_c.dir/rosidl_typesupport_c/drone_interfaces/msg/panel_box__type_support.cpp.o[0m
[3.115s] [ 45%] [32mBuilding CXX object CMakeFiles/drone_interfaces__rosidl_typesupport_fastrtps_cpp.dir/rosidl_typesupport_fastrtps_cpp/drone_interfaces/msg/detail/dds_fastrtps/yaw__type_support.cpp.o[0m
[3.144s] [ 46%] [32mBuilding CXX object CMakeFiles/drone_interfaces__rosidl_typesupport_fastrtps_cpp.dir/rosidl_typesupport_fastrtps_cpp/drone_interfaces/msg/detail/dds_fastrtps/panel_box__type_support.cpp.o[0m
[3.147s] [ 47%] [32mBuilding CXX object CMakeFiles/drone_interfaces__rosidl_typesupport_c.dir/rosidl_typesupport_c/drone_interfaces/srv/task_dispatch__type_support.cpp.o[0m
[3.149s] [ 49%] [32mBuilding CXX object CMakeFiles/drone_interfaces__rosidl_typesupport_fastrtps_cpp.dir/rosidl_typesupport_fastrtps_cpp/drone_interfaces/msg/detail/dds_fastrtps/task__type_support.cpp.o[0m
[3.149s] [ 50%] [32mBuilding CXX object CMakeFiles/drone_interfaces__rosidl_typesupport_c.dir/rosidl_typesupport_c/drone_interfaces/action/execute_waypoint__type_support.cpp.o[0m
[3.154s] [ 52%] [32mBuilding CXX object CMakeFiles/drone_interfaces__rosidl_typesupport_fastrtps_cpp.dir/rosidl_typesupport_fastrtps_cpp/drone_interfaces/msg/detail/dds_fastrtps/raw_waypoint__type_support.cpp.o[0m
[3.155s] [ 53%] [32mBuilding CXX object CMakeFiles/drone_interfaces__rosidl_typesupport_fastrtps_cpp.dir/rosidl_typesupport_fastrtps_cpp/drone_interfaces/srv/detail/dds_fastrtps/task_dispatch__type_support.cpp.o[0m
[3.195s] [ 54%] [32mBuilding CXX object CMakeFiles/drone_interfaces__rosidl_typesupport_fastrtps_cpp.dir/rosidl_typesupport_fastrtps_cpp/drone_interfaces/action/detail/dds_fastrtps/execute_waypoint__type_support.cpp.o[0m
[3.234s] [ 56%] [32m[1mLinking CXX shared library libdrone_interfaces__rosidl_typesupport_c.so[0m
[3.299s] [ 56%] Built target drone_interfaces__rosidl_typesupport_c
[3.371s] [ 61%] [32mBuilding C object CMakeFiles/drone_interfaces__rosidl_typesupport_introspection_c.dir/rosidl_typesupport_introspection_c/drone_interfaces/msg/detail/panel_box__type_support.c.o[0m
[3.371s] [ 61%] [32mBuilding C object CMakeFiles/drone_interfaces__rosidl_typesupport_introspection_c.dir/rosidl_typesupport_introspection_c/drone_interfaces/srv/detail/task_dispatch__type_support.c.o[0m
[3.372s] [ 61%] [32mBuilding C object CMakeFiles/drone_interfaces__rosidl_typesupport_introspection_c.dir/rosidl_typesupport_introspection_c/drone_interfaces/msg/detail/yaw__type_support.c.o[0m
[3.372s] [ 61%] [32mBuilding C object CMakeFiles/drone_interfaces__rosidl_typesupport_introspection_c.dir/rosidl_typesupport_introspection_c/drone_interfaces/msg/detail/task__type_support.c.o[0m
[3.372s] [ 63%] [32mBuilding C object CMakeFiles/drone_interfaces__rosidl_typesupport_introspection_c.dir/rosidl_typesupport_introspection_c/drone_interfaces/msg/detail/raw_waypoint__type_support.c.o[0m
[3.373s] [ 64%] [32m[1mLinking CXX shared library libdrone_interfaces__rosidl_typesupport_cpp.so[0m
[3.373s] [ 66%] [32mBuilding C object CMakeFiles/drone_interfaces__rosidl_typesupport_introspection_c.dir/rosidl_typesupport_introspection_c/drone_interfaces/action/detail/execute_waypoint__type_support.c.o[0m
[3.385s] [ 67%] [32mBuilding CXX object CMakeFiles/drone_interfaces__rosidl_typesupport_fastrtps_c.dir/rosidl_typesupport_fastrtps_c/drone_interfaces/msg/detail/yaw__type_support_c.cpp.o[0m
[3.415s] [ 69%] [32mBuilding CXX object CMakeFiles/drone_interfaces__rosidl_typesupport_fastrtps_c.dir/rosidl_typesupport_fastrtps_c/drone_interfaces/msg/detail/panel_box__type_support_c.cpp.o[0m
[3.415s] [ 70%] [32mBuilding CXX object CMakeFiles/drone_interfaces__rosidl_typesupport_fastrtps_c.dir/rosidl_typesupport_fastrtps_c/drone_interfaces/msg/detail/task__type_support_c.cpp.o[0m
[3.420s] [ 71%] [32mBuilding CXX object CMakeFiles/drone_interfaces__rosidl_typesupport_fastrtps_c.dir/rosidl_typesupport_fastrtps_c/drone_interfaces/msg/detail/raw_waypoint__type_support_c.cpp.o[0m
[3.426s] [ 73%] [32mBuilding CXX object CMakeFiles/drone_interfaces__rosidl_typesupport_fastrtps_c.dir/rosidl_typesupport_fastrtps_c/drone_interfaces/action/detail/execute_waypoint__type_support_c.cpp.o[0m
[3.432s] [ 74%] [32mBuilding CXX object CMakeFiles/drone_interfaces__rosidl_typesupport_fastrtps_c.dir/rosidl_typesupport_fastrtps_c/drone_interfaces/srv/detail/task_dispatch__type_support_c.cpp.o[0m
[3.436s] [ 76%] [32m[1mLinking C shared library libdrone_interfaces__rosidl_typesupport_introspection_c.so[0m
[3.437s] [ 76%] Built target drone_interfaces__rosidl_typesupport_cpp
[3.497s] [ 76%] Built target drone_interfaces__rosidl_typesupport_introspection_c
[3.544s] [ 77%] [32m[1mLinking CXX shared library libdrone_interfaces__rosidl_typesupport_introspection_cpp.so[0m
[3.626s] [ 77%] Built target drone_interfaces__rosidl_typesupport_introspection_cpp
[3.809s] [ 78%] [32m[1mLinking CXX shared library libdrone_interfaces__rosidl_typesupport_fastrtps_cpp.so[0m
[3.816s] [ 80%] [32m[1mLinking CXX shared library libdrone_interfaces__rosidl_typesupport_fastrtps_c.so[0m
[3.873s] [ 80%] Built target drone_interfaces__rosidl_typesupport_fastrtps_cpp
[3.877s] [ 80%] Built target drone_interfaces__rosidl_typesupport_fastrtps_c
[3.896s] [ 80%] Built target drone_interfaces
[3.923s] [ 81%] [34m[1mGenerating Python code for ROS interfaces[0m
[4.625s] [ 81%] Built target drone_interfaces__py
[4.646s] [ 83%] [32mBuilding C object CMakeFiles/drone_interfaces__rosidl_generator_py.dir/rosidl_generator_py/drone_interfaces/msg/_panel_box_s.c.o[0m
[4.646s] [ 85%] [32mBuilding C object CMakeFiles/drone_interfaces__rosidl_generator_py.dir/rosidl_generator_py/drone_interfaces/srv/_task_dispatch_s.c.o[0m
[4.646s] [ 85%] [32mBuilding C object CMakeFiles/drone_interfaces__rosidl_generator_py.dir/rosidl_generator_py/drone_interfaces/msg/_task_s.c.o[0m
[4.646s] [ 87%] [32mBuilding C object CMakeFiles/drone_interfaces__rosidl_generator_py.dir/rosidl_generator_py/drone_interfaces/action/_execute_waypoint_s.c.o[0m
[4.646s] [ 88%] [32mBuilding C object CMakeFiles/drone_interfaces__rosidl_generator_py.dir/rosidl_generator_py/drone_interfaces/msg/_yaw_s.c.o[0m
[4.648s] [ 90%] [32mBuilding C object CMakeFiles/drone_interfaces__rosidl_generator_py.dir/rosidl_generator_py/drone_interfaces/msg/_raw_waypoint_s.c.o[0m
[4.760s] [ 91%] [32m[1mLinking C shared library rosidl_generator_py/drone_interfaces/libdrone_interfaces__rosidl_generator_py.so[0m
[4.809s] [ 91%] Built target drone_interfaces__rosidl_generator_py
[4.828s] [ 92%] [32mBuilding C object CMakeFiles/drone_interfaces__rosidl_typesupport_introspection_c__pyext.dir/rosidl_generator_py/drone_interfaces/_drone_interfaces_s.ep.rosidl_typesupport_introspection_c.c.o[0m
[4.829s] [ 94%] [32mBuilding C object CMakeFiles/drone_interfaces__rosidl_typesupport_fastrtps_c__pyext.dir/rosidl_generator_py/drone_interfaces/_drone_interfaces_s.ep.rosidl_typesupport_fastrtps_c.c.o[0m
[4.831s] [ 95%] [32mBuilding C object CMakeFiles/drone_interfaces__rosidl_typesupport_c__pyext.dir/rosidl_generator_py/drone_interfaces/_drone_interfaces_s.ep.rosidl_typesupport_c.c.o[0m
[4.920s] [ 97%] [32m[1mLinking C shared library rosidl_generator_py/drone_interfaces/drone_interfaces_s__rosidl_typesupport_c.cpython-310-x86_64-linux-gnu.so[0m
[4.921s] [ 98%] [32m[1mLinking C shared library rosidl_generator_py/drone_interfaces/drone_interfaces_s__rosidl_typesupport_introspection_c.cpython-310-x86_64-linux-gnu.so[0m
[4.922s] [100%] [32m[1mLinking C shared library rosidl_generator_py/drone_interfaces/drone_interfaces_s__rosidl_typesupport_fastrtps_c.cpython-310-x86_64-linux-gnu.so[0m
[4.961s] [100%] Built target drone_interfaces__rosidl_typesupport_introspection_c__pyext
[4.962s] [100%] Built target drone_interfaces__rosidl_typesupport_c__pyext
[4.963s] [100%] Built target drone_interfaces__rosidl_typesupport_fastrtps_c__pyext
[4.974s] Invoked command in '/home/x650/Multitask-Drone/src/build/drone_interfaces' returned '0': CMAKE_PREFIX_PATH=${CMAKE_PREFIX_PATH}:/home/x650/Multitask-Drone/src/install/drone_vision:/home/x650/Multitask-Drone/src/install/drone_monitor:/home/x650/Multitask-Drone/src/install/drone_controller:/opt/ros/humble /usr/bin/cmake --build /home/x650/Multitask-Drone/src/build/drone_interfaces -- -j16 -l16
[5.148s] Invoking command in '/home/x650/Multitask-Drone/src/build/drone_interfaces': CMAKE_PREFIX_PATH=${CMAKE_PREFIX_PATH}:/home/x650/Multitask-Drone/src/install/drone_vision:/home/x650/Multitask-Drone/src/install/drone_monitor:/home/x650/Multitask-Drone/src/install/drone_controller:/opt/ros/humble /usr/bin/cmake --install /home/x650/Multitask-Drone/src/build/drone_interfaces
[5.153s] -- Install configuration: ""
[5.153s] -- Installing: /home/x650/Multitask-Drone/src/install/drone_interfaces/share/ament_index/resource_index/rosidl_interfaces/drone_interfaces
[5.153s] -- Installing: /home/x650/Multitask-Drone/src/install/drone_interfaces/include/drone_interfaces/drone_interfaces
[5.153s] -- Installing: /home/x650/Multitask-Drone/src/install/drone_interfaces/include/drone_interfaces/drone_interfaces/action
[5.153s] -- Installing: /home/x650/Multitask-Drone/src/install/drone_interfaces/include/drone_interfaces/drone_interfaces/action/detail
[5.154s] -- Installing: /home/x650/Multitask-Drone/src/install/drone_interfaces/include/drone_interfaces/drone_interfaces/action/detail/execute_waypoint__functions.h
[5.154s] -- Installing: /home/x650/Multitask-Drone/src/install/drone_interfaces/include/drone_interfaces/drone_interfaces/action/detail/execute_waypoint__struct.h
[5.154s] -- Installing: /home/x650/Multitask-Drone/src/install/drone_interfaces/include/drone_interfaces/drone_interfaces/action/detail/execute_waypoint__functions.c
[5.154s] -- Installing: /home/x650/Multitask-Drone/src/install/drone_interfaces/include/drone_interfaces/drone_interfaces/action/detail/execute_waypoint__type_support.h
[5.154s] -- Installing: /home/x650/Multitask-Drone/src/install/drone_interfaces/include/drone_interfaces/drone_interfaces/action/execute_waypoint.h
[5.154s] -- Installing: /home/x650/Multitask-Drone/src/install/drone_interfaces/include/drone_interfaces/drone_interfaces/srv
[5.154s] -- Installing: /home/x650/Multitask-Drone/src/install/drone_interfaces/include/drone_interfaces/drone_interfaces/srv/detail
[5.154s] -- Installing: /home/x650/Multitask-Drone/src/install/drone_interfaces/include/drone_interfaces/drone_interfaces/srv/detail/task_dispatch__type_support.h
[5.154s] -- Installing: /home/x650/Multitask-Drone/src/install/drone_interfaces/include/drone_interfaces/drone_interfaces/srv/detail/task_dispatch__functions.c
[5.154s] -- Installing: /home/x650/Multitask-Drone/src/install/drone_interfaces/include/drone_interfaces/drone_interfaces/srv/detail/task_dispatch__struct.h
[5.154s] -- Installing: /home/x650/Multitask-Drone/src/install/drone_interfaces/include/drone_interfaces/drone_interfaces/srv/detail/task_dispatch__functions.h
[5.154s] -- Installing: /home/x650/Multitask-Drone/src/install/drone_interfaces/include/drone_interfaces/drone_interfaces/srv/task_dispatch.h
[5.154s] -- Installing: /home/x650/Multitask-Drone/src/install/drone_interfaces/include/drone_interfaces/drone_interfaces/msg
[5.154s] -- Installing: /home/x650/Multitask-Drone/src/install/drone_interfaces/include/drone_interfaces/drone_interfaces/msg/yaw.h
[5.155s] -- Installing: /home/x650/Multitask-Drone/src/install/drone_interfaces/include/drone_interfaces/drone_interfaces/msg/detail
[5.155s] -- Installing: /home/x650/Multitask-Drone/src/install/drone_interfaces/include/drone_interfaces/drone_interfaces/msg/detail/panel_box__type_support.h
[5.155s] -- Installing: /home/x650/Multitask-Drone/src/install/drone_interfaces/include/drone_interfaces/drone_interfaces/msg/detail/task__type_support.h
[5.155s] -- Installing: /home/x650/Multitask-Drone/src/install/drone_interfaces/include/drone_interfaces/drone_interfaces/msg/detail/task__functions.h
[5.155s] -- Installing: /home/x650/Multitask-Drone/src/install/drone_interfaces/include/drone_interfaces/drone_interfaces/msg/detail/task__functions.c
[5.155s] -- Installing: /home/x650/Multitask-Drone/src/install/drone_interfaces/include/drone_interfaces/drone_interfaces/msg/detail/panel_box__functions.h
[5.155s] -- Installing: /home/x650/Multitask-Drone/src/install/drone_interfaces/include/drone_interfaces/drone_interfaces/msg/detail/panel_box__struct.h
[5.155s] -- Installing: /home/x650/Multitask-Drone/src/install/drone_interfaces/include/drone_interfaces/drone_interfaces/msg/detail/raw_waypoint__struct.h
[5.155s] -- Installing: /home/x650/Multitask-Drone/src/install/drone_interfaces/include/drone_interfaces/drone_interfaces/msg/detail/raw_waypoint__type_support.h
[5.155s] -- Installing: /home/x650/Multitask-Drone/src/install/drone_interfaces/include/drone_interfaces/drone_interfaces/msg/detail/yaw__type_support.h
[5.155s] -- Installing: /home/x650/Multitask-Drone/src/install/drone_interfaces/include/drone_interfaces/drone_interfaces/msg/detail/yaw__struct.h
[5.155s] -- Installing: /home/x650/Multitask-Drone/src/install/drone_interfaces/include/drone_interfaces/drone_interfaces/msg/detail/panel_box__functions.c
[5.155s] -- Installing: /home/x650/Multitask-Drone/src/install/drone_interfaces/include/drone_interfaces/drone_interfaces/msg/detail/raw_waypoint__functions.c
[5.156s] -- Installing: /home/x650/Multitask-Drone/src/install/drone_interfaces/include/drone_interfaces/drone_interfaces/msg/detail/yaw__functions.h
[5.156s] -- Installing: /home/x650/Multitask-Drone/src/install/drone_interfaces/include/drone_interfaces/drone_interfaces/msg/detail/yaw__functions.c
[5.156s] -- Installing: /home/x650/Multitask-Drone/src/install/drone_interfaces/include/drone_interfaces/drone_interfaces/msg/detail/task__struct.h
[5.156s] -- Installing: /home/x650/Multitask-Drone/src/install/drone_interfaces/include/drone_interfaces/drone_interfaces/msg/detail/raw_waypoint__functions.h
[5.156s] -- Installing: /home/x650/Multitask-Drone/src/install/drone_interfaces/include/drone_interfaces/drone_interfaces/msg/raw_waypoint.h
[5.156s] -- Installing: /home/x650/Multitask-Drone/src/install/drone_interfaces/include/drone_interfaces/drone_interfaces/msg/panel_box.h
[5.156s] -- Installing: /home/x650/Multitask-Drone/src/install/drone_interfaces/include/drone_interfaces/drone_interfaces/msg/rosidl_generator_c__visibility_control.h
[5.156s] -- Installing: /home/x650/Multitask-Drone/src/install/drone_interfaces/include/drone_interfaces/drone_interfaces/msg/task.h
[5.156s] -- Installing: /home/x650/Multitask-Drone/src/install/drone_interfaces/share/drone_interfaces/environment/library_path.sh
[5.156s] -- Installing: /home/x650/Multitask-Drone/src/install/drone_interfaces/share/drone_interfaces/environment/library_path.dsv
[5.157s] -- Installing: /home/x650/Multitask-Drone/src/install/drone_interfaces/lib/libdrone_interfaces__rosidl_generator_c.so
[5.157s] -- Set runtime path of "/home/x650/Multitask-Drone/src/install/drone_interfaces/lib/libdrone_interfaces__rosidl_generator_c.so" to ""
[5.157s] -- Up-to-date: /home/x650/Multitask-Drone/src/install/drone_interfaces/include/drone_interfaces/drone_interfaces
[5.157s] -- Up-to-date: /home/x650/Multitask-Drone/src/install/drone_interfaces/include/drone_interfaces/drone_interfaces/action
[5.157s] -- Up-to-date: /home/x650/Multitask-Drone/src/install/drone_interfaces/include/drone_interfaces/drone_interfaces/action/detail
[5.157s] -- Installing: /home/x650/Multitask-Drone/src/install/drone_interfaces/include/drone_interfaces/drone_interfaces/action/detail/execute_waypoint__rosidl_typesupport_fastrtps_c.h
[5.157s] -- Up-to-date: /home/x650/Multitask-Drone/src/install/drone_interfaces/include/drone_interfaces/drone_interfaces/srv
[5.158s] -- Up-to-date: /home/x650/Multitask-Drone/src/install/drone_interfaces/include/drone_interfaces/drone_interfaces/srv/detail
[5.158s] -- Installing: /home/x650/Multitask-Drone/src/install/drone_interfaces/include/drone_interfaces/drone_interfaces/srv/detail/task_dispatch__rosidl_typesupport_fastrtps_c.h
[5.158s] -- Up-to-date: /home/x650/Multitask-Drone/src/install/drone_interfaces/include/drone_interfaces/drone_interfaces/msg
[5.158s] -- Up-to-date: /home/x650/Multitask-Drone/src/install/drone_interfaces/include/drone_interfaces/drone_interfaces/msg/detail
[5.158s] -- Installing: /home/x650/Multitask-Drone/src/install/drone_interfaces/include/drone_interfaces/drone_interfaces/msg/detail/yaw__rosidl_typesupport_fastrtps_c.h
[5.158s] -- Installing: /home/x650/Multitask-Drone/src/install/drone_interfaces/include/drone_interfaces/drone_interfaces/msg/detail/panel_box__rosidl_typesupport_fastrtps_c.h
[5.158s] -- Installing: /home/x650/Multitask-Drone/src/install/drone_interfaces/include/drone_interfaces/drone_interfaces/msg/detail/task__rosidl_typesupport_fastrtps_c.h
[5.158s] -- Installing: /home/x650/Multitask-Drone/src/install/drone_interfaces/include/drone_interfaces/drone_interfaces/msg/detail/raw_waypoint__rosidl_typesupport_fastrtps_c.h
[5.158s] -- Installing: /home/x650/Multitask-Drone/src/install/drone_interfaces/include/drone_interfaces/drone_interfaces/msg/rosidl_typesupport_fastrtps_c__visibility_control.h
[5.159s] -- Installing: /home/x650/Multitask-Drone/src/install/drone_interfaces/lib/libdrone_interfaces__rosidl_typesupport_fastrtps_c.so
[5.160s] -- Set runtime path of "/home/x650/Multitask-Drone/src/install/drone_interfaces/lib/libdrone_interfaces__rosidl_typesupport_fastrtps_c.so" to ""
[5.160s] -- Up-to-date: /home/x650/Multitask-Drone/src/install/drone_interfaces/include/drone_interfaces/drone_interfaces
[5.160s] -- Up-to-date: /home/x650/Multitask-Drone/src/install/drone_interfaces/include/drone_interfaces/drone_interfaces/action
[5.160s] -- Up-to-date: /home/x650/Multitask-Drone/src/install/drone_interfaces/include/drone_interfaces/drone_interfaces/action/detail
[5.160s] -- Installing: /home/x650/Multitask-Drone/src/install/drone_interfaces/include/drone_interfaces/drone_interfaces/action/detail/execute_waypoint__type_support.c
[5.160s] -- Installing: /home/x650/Multitask-Drone/src/install/drone_interfaces/include/drone_interfaces/drone_interfaces/action/detail/execute_waypoint__rosidl_typesupport_introspection_c.h
[5.160s] -- Up-to-date: /home/x650/Multitask-Drone/src/install/drone_interfaces/include/drone_interfaces/drone_interfaces/srv
[5.160s] -- Up-to-date: /home/x650/Multitask-Drone/src/install/drone_interfaces/include/drone_interfaces/drone_interfaces/srv/detail
[5.160s] -- Installing: /home/x650/Multitask-Drone/src/install/drone_interfaces/include/drone_interfaces/drone_interfaces/srv/detail/task_dispatch__type_support.c
[5.160s] -- Installing: /home/x650/Multitask-Drone/src/install/drone_interfaces/include/drone_interfaces/drone_interfaces/srv/detail/task_dispatch__rosidl_typesupport_introspection_c.h
[5.160s] -- Up-to-date: /home/x650/Multitask-Drone/src/install/drone_interfaces/include/drone_interfaces/drone_interfaces/msg
[5.160s] -- Installing: /home/x650/Multitask-Drone/src/install/drone_interfaces/include/drone_interfaces/drone_interfaces/msg/rosidl_typesupport_introspection_c__visibility_control.h
[5.161s] -- Up-to-date: /home/x650/Multitask-Drone/src/install/drone_interfaces/include/drone_interfaces/drone_interfaces/msg/detail
[5.161s] -- Installing: /home/x650/Multitask-Drone/src/install/drone_interfaces/include/drone_interfaces/drone_interfaces/msg/detail/task__rosidl_typesupport_introspection_c.h
[5.161s] -- Installing: /home/x650/Multitask-Drone/src/install/drone_interfaces/include/drone_interfaces/drone_interfaces/msg/detail/task__type_support.c
[5.161s] -- Installing: /home/x650/Multitask-Drone/src/install/drone_interfaces/include/drone_interfaces/drone_interfaces/msg/detail/yaw__type_support.c
[5.161s] -- Installing: /home/x650/Multitask-Drone/src/install/drone_interfaces/include/drone_interfaces/drone_interfaces/msg/detail/raw_waypoint__type_support.c
[5.161s] -- Installing: /home/x650/Multitask-Drone/src/install/drone_interfaces/include/drone_interfaces/drone_interfaces/msg/detail/raw_waypoint__rosidl_typesupport_introspection_c.h
[5.161s] -- Installing: /home/x650/Multitask-Drone/src/install/drone_interfaces/include/drone_interfaces/drone_interfaces/msg/detail/panel_box__type_support.c
[5.161s] -- Installing: /home/x650/Multitask-Drone/src/install/drone_interfaces/include/drone_interfaces/drone_interfaces/msg/detail/yaw__rosidl_typesupport_introspection_c.h
[5.161s] -- Installing: /home/x650/Multitask-Drone/src/install/drone_interfaces/include/drone_interfaces/drone_interfaces/msg/detail/panel_box__rosidl_typesupport_introspection_c.h
[5.161s] -- Installing: /home/x650/Multitask-Drone/src/install/drone_interfaces/lib/libdrone_interfaces__rosidl_typesupport_introspection_c.so
[5.161s] -- Set runtime path of "/home/x650/Multitask-Drone/src/install/drone_interfaces/lib/libdrone_interfaces__rosidl_typesupport_introspection_c.so" to ""
[5.161s] -- Installing: /home/x650/Multitask-Drone/src/install/drone_interfaces/lib/libdrone_interfaces__rosidl_typesupport_c.so
[5.161s] -- Set runtime path of "/home/x650/Multitask-Drone/src/install/drone_interfaces/lib/libdrone_interfaces__rosidl_typesupport_c.so" to ""
[5.161s] -- Up-to-date: /home/x650/Multitask-Drone/src/install/drone_interfaces/include/drone_interfaces/drone_interfaces
[5.162s] -- Up-to-date: /home/x650/Multitask-Drone/src/install/drone_interfaces/include/drone_interfaces/drone_interfaces/action
[5.162s] -- Up-to-date: /home/x650/Multitask-Drone/src/install/drone_interfaces/include/drone_interfaces/drone_interfaces/action/detail
[5.162s] -- Installing: /home/x650/Multitask-Drone/src/install/drone_interfaces/include/drone_interfaces/drone_interfaces/action/detail/execute_waypoint__builder.hpp
[5.162s] -- Installing: /home/x650/Multitask-Drone/src/install/drone_interfaces/include/drone_interfaces/drone_interfaces/action/detail/execute_waypoint__traits.hpp
[5.162s] -- Installing: /home/x650/Multitask-Drone/src/install/drone_interfaces/include/drone_interfaces/drone_interfaces/action/detail/execute_waypoint__struct.hpp
[5.162s] -- Installing: /home/x650/Multitask-Drone/src/install/drone_interfaces/include/drone_interfaces/drone_interfaces/action/execute_waypoint.hpp
[5.162s] -- Up-to-date: /home/x650/Multitask-Drone/src/install/drone_interfaces/include/drone_interfaces/drone_interfaces/srv
[5.162s] -- Up-to-date: /home/x650/Multitask-Drone/src/install/drone_interfaces/include/drone_interfaces/drone_interfaces/srv/detail
[5.162s] -- Installing: /home/x650/Multitask-Drone/src/install/drone_interfaces/include/drone_interfaces/drone_interfaces/srv/detail/task_dispatch__traits.hpp
[5.162s] -- Installing: /home/x650/Multitask-Drone/src/install/drone_interfaces/include/drone_interfaces/drone_interfaces/srv/detail/task_dispatch__struct.hpp
[5.162s] -- Installing: /home/x650/Multitask-Drone/src/install/drone_interfaces/include/drone_interfaces/drone_interfaces/srv/detail/task_dispatch__builder.hpp
[5.162s] -- Installing: /home/x650/Multitask-Drone/src/install/drone_interfaces/include/drone_interfaces/drone_interfaces/srv/task_dispatch.hpp
[5.162s] -- Up-to-date: /home/x650/Multitask-Drone/src/install/drone_interfaces/include/drone_interfaces/drone_interfaces/msg
[5.162s] -- Installing: /home/x650/Multitask-Drone/src/install/drone_interfaces/include/drone_interfaces/drone_interfaces/msg/task.hpp
[5.162s] -- Up-to-date: /home/x650/Multitask-Drone/src/install/drone_interfaces/include/drone_interfaces/drone_interfaces/msg/detail
[5.163s] -- Installing: /home/x650/Multitask-Drone/src/install/drone_interfaces/include/drone_interfaces/drone_interfaces/msg/detail/raw_waypoint__struct.hpp
[5.163s] -- Installing: /home/x650/Multitask-Drone/src/install/drone_interfaces/include/drone_interfaces/drone_interfaces/msg/detail/yaw__struct.hpp
[5.163s] -- Installing: /home/x650/Multitask-Drone/src/install/drone_interfaces/include/drone_interfaces/drone_interfaces/msg/detail/yaw__traits.hpp
[5.163s] -- Installing: /home/x650/Multitask-Drone/src/install/drone_interfaces/include/drone_interfaces/drone_interfaces/msg/detail/yaw__builder.hpp
[5.163s] -- Installing: /home/x650/Multitask-Drone/src/install/drone_interfaces/include/drone_interfaces/drone_interfaces/msg/detail/panel_box__traits.hpp
[5.163s] -- Installing: /home/x650/Multitask-Drone/src/install/drone_interfaces/include/drone_interfaces/drone_interfaces/msg/detail/task__traits.hpp
[5.163s] -- Installing: /home/x650/Multitask-Drone/src/install/drone_interfaces/include/drone_interfaces/drone_interfaces/msg/detail/raw_waypoint__builder.hpp
[5.163s] -- Installing: /home/x650/Multitask-Drone/src/install/drone_interfaces/include/drone_interfaces/drone_interfaces/msg/detail/panel_box__struct.hpp
[5.163s] -- Installing: /home/x650/Multitask-Drone/src/install/drone_interfaces/include/drone_interfaces/drone_interfaces/msg/detail/task__struct.hpp
[5.163s] -- Installing: /home/x650/Multitask-Drone/src/install/drone_interfaces/include/drone_interfaces/drone_interfaces/msg/detail/raw_waypoint__traits.hpp
[5.163s] -- Installing: /home/x650/Multitask-Drone/src/install/drone_interfaces/include/drone_interfaces/drone_interfaces/msg/detail/task__builder.hpp
[5.163s] -- Installing: /home/x650/Multitask-Drone/src/install/drone_interfaces/include/drone_interfaces/drone_interfaces/msg/detail/panel_box__builder.hpp
[5.163s] -- Installing: /home/x650/Multitask-Drone/src/install/drone_interfaces/include/drone_interfaces/drone_interfaces/msg/raw_waypoint.hpp
[5.163s] -- Installing: /home/x650/Multitask-Drone/src/install/drone_interfaces/include/drone_interfaces/drone_interfaces/msg/yaw.hpp
[5.163s] -- Installing: /home/x650/Multitask-Drone/src/install/drone_interfaces/include/drone_interfaces/drone_interfaces/msg/panel_box.hpp
[5.163s] -- Up-to-date: /home/x650/Multitask-Drone/src/install/drone_interfaces/include/drone_interfaces/drone_interfaces
[5.163s] -- Up-to-date: /home/x650/Multitask-Drone/src/install/drone_interfaces/include/drone_interfaces/drone_interfaces/action
[5.163s] -- Up-to-date: /home/x650/Multitask-Drone/src/install/drone_interfaces/include/drone_interfaces/drone_interfaces/action/detail
[5.163s] -- Installing: /home/x650/Multitask-Drone/src/install/drone_interfaces/include/drone_interfaces/drone_interfaces/action/detail/execute_waypoint__rosidl_typesupport_fastrtps_cpp.hpp
[5.163s] -- Installing: /home/x650/Multitask-Drone/src/install/drone_interfaces/include/drone_interfaces/drone_interfaces/action/detail/dds_fastrtps
[5.163s] -- Up-to-date: /home/x650/Multitask-Drone/src/install/drone_interfaces/include/drone_interfaces/drone_interfaces/srv
[5.164s] -- Up-to-date: /home/x650/Multitask-Drone/src/install/drone_interfaces/include/drone_interfaces/drone_interfaces/srv/detail
[5.164s] -- Installing: /home/x650/Multitask-Drone/src/install/drone_interfaces/include/drone_interfaces/drone_interfaces/srv/detail/task_dispatch__rosidl_typesupport_fastrtps_cpp.hpp
[5.164s] -- Installing: /home/x650/Multitask-Drone/src/install/drone_interfaces/include/drone_interfaces/drone_interfaces/srv/detail/dds_fastrtps
[5.164s] -- Up-to-date: /home/x650/Multitask-Drone/src/install/drone_interfaces/include/drone_interfaces/drone_interfaces/msg
[5.164s] -- Up-to-date: /home/x650/Multitask-Drone/src/install/drone_interfaces/include/drone_interfaces/drone_interfaces/msg/detail
[5.164s] -- Installing: /home/x650/Multitask-Drone/src/install/drone_interfaces/include/drone_interfaces/drone_interfaces/msg/detail/raw_waypoint__rosidl_typesupport_fastrtps_cpp.hpp
[5.164s] -- Installing: /home/x650/Multitask-Drone/src/install/drone_interfaces/include/drone_interfaces/drone_interfaces/msg/detail/panel_box__rosidl_typesupport_fastrtps_cpp.hpp
[5.164s] -- Installing: /home/x650/Multitask-Drone/src/install/drone_interfaces/include/drone_interfaces/drone_interfaces/msg/detail/task__rosidl_typesupport_fastrtps_cpp.hpp
[5.164s] -- Installing: /home/x650/Multitask-Drone/src/install/drone_interfaces/include/drone_interfaces/drone_interfaces/msg/detail/yaw__rosidl_typesupport_fastrtps_cpp.hpp
[5.164s] -- Installing: /home/x650/Multitask-Drone/src/install/drone_interfaces/include/drone_interfaces/drone_interfaces/msg/detail/dds_fastrtps
[5.164s] -- Installing: /home/x650/Multitask-Drone/src/install/drone_interfaces/include/drone_interfaces/drone_interfaces/msg/rosidl_typesupport_fastrtps_cpp__visibility_control.h
[5.164s] -- Installing: /home/x650/Multitask-Drone/src/install/drone_interfaces/lib/libdrone_interfaces__rosidl_typesupport_fastrtps_cpp.so
[5.164s] -- Set runtime path of "/home/x650/Multitask-Drone/src/install/drone_interfaces/lib/libdrone_interfaces__rosidl_typesupport_fastrtps_cpp.so" to ""
[5.165s] -- Up-to-date: /home/x650/Multitask-Drone/src/install/drone_interfaces/include/drone_interfaces/drone_interfaces
[5.165s] -- Up-to-date: /home/x650/Multitask-Drone/src/install/drone_interfaces/include/drone_interfaces/drone_interfaces/action
[5.165s] -- Up-to-date: /home/x650/Multitask-Drone/src/install/drone_interfaces/include/drone_interfaces/drone_interfaces/action/detail
[5.165s] -- Installing: /home/x650/Multitask-Drone/src/install/drone_interfaces/include/drone_interfaces/drone_interfaces/action/detail/execute_waypoint__rosidl_typesupport_introspection_cpp.hpp
[5.165s] -- Installing: /home/x650/Multitask-Drone/src/install/drone_interfaces/include/drone_interfaces/drone_interfaces/action/detail/execute_waypoint__type_support.cpp
[5.165s] -- Up-to-date: /home/x650/Multitask-Drone/src/install/drone_interfaces/include/drone_interfaces/drone_interfaces/srv
[5.165s] -- Up-to-date: /home/x650/Multitask-Drone/src/install/drone_interfaces/include/drone_interfaces/drone_interfaces/srv/detail
[5.165s] -- Installing: /home/x650/Multitask-Drone/src/install/drone_interfaces/include/drone_interfaces/drone_interfaces/srv/detail/task_dispatch__rosidl_typesupport_introspection_cpp.hpp
[5.165s] -- Installing: /home/x650/Multitask-Drone/src/install/drone_interfaces/include/drone_interfaces/drone_interfaces/srv/detail/task_dispatch__type_support.cpp
[5.165s] -- Up-to-date: /home/x650/Multitask-Drone/src/install/drone_interfaces/include/drone_interfaces/drone_interfaces/msg
[5.165s] -- Up-to-date: /home/x650/Multitask-Drone/src/install/drone_interfaces/include/drone_interfaces/drone_interfaces/msg/detail
[5.165s] -- Installing: /home/x650/Multitask-Drone/src/install/drone_interfaces/include/drone_interfaces/drone_interfaces/msg/detail/panel_box__type_support.cpp
[5.165s] -- Installing: /home/x650/Multitask-Drone/src/install/drone_interfaces/include/drone_interfaces/drone_interfaces/msg/detail/task__rosidl_typesupport_introspection_cpp.hpp
[5.165s] -- Installing: /home/x650/Multitask-Drone/src/install/drone_interfaces/include/drone_interfaces/drone_interfaces/msg/detail/raw_waypoint__rosidl_typesupport_introspection_cpp.hpp
[5.165s] -- Installing: /home/x650/Multitask-Drone/src/install/drone_interfaces/include/drone_interfaces/drone_interfaces/msg/detail/yaw__rosidl_typesupport_introspection_cpp.hpp
[5.165s] -- Installing: /home/x650/Multitask-Drone/src/install/drone_interfaces/include/drone_interfaces/drone_interfaces/msg/detail/yaw__type_support.cpp
[5.165s] -- Installing: /home/x650/Multitask-Drone/src/install/drone_interfaces/include/drone_interfaces/drone_interfaces/msg/detail/task__type_support.cpp
[5.165s] -- Installing: /home/x650/Multitask-Drone/src/install/drone_interfaces/include/drone_interfaces/drone_interfaces/msg/detail/raw_waypoint__type_support.cpp
[5.165s] -- Installing: /home/x650/Multitask-Drone/src/install/drone_interfaces/include/drone_interfaces/drone_interfaces/msg/detail/panel_box__rosidl_typesupport_introspection_cpp.hpp
[5.165s] -- Installing: /home/x650/Multitask-Drone/src/install/drone_interfaces/lib/libdrone_interfaces__rosidl_typesupport_introspection_cpp.so
[5.166s] -- Set runtime path of "/home/x650/Multitask-Drone/src/install/drone_interfaces/lib/libdrone_interfaces__rosidl_typesupport_introspection_cpp.so" to ""
[5.166s] -- Installing: /home/x650/Multitask-Drone/src/install/drone_interfaces/lib/libdrone_interfaces__rosidl_typesupport_cpp.so
[5.166s] -- Set runtime path of "/home/x650/Multitask-Drone/src/install/drone_interfaces/lib/libdrone_interfaces__rosidl_typesupport_cpp.so" to ""
[5.166s] -- Installing: /home/x650/Multitask-Drone/src/install/drone_interfaces/share/drone_interfaces/environment/pythonpath.sh
[5.166s] -- Installing: /home/x650/Multitask-Drone/src/install/drone_interfaces/share/drone_interfaces/environment/pythonpath.dsv
[5.166s] -- Installing: /home/x650/Multitask-Drone/src/install/drone_interfaces/local/lib/python3.10/dist-packages/drone_interfaces-0.0.0-py3.10.egg-info
[5.166s] -- Installing: /home/x650/Multitask-Drone/src/install/drone_interfaces/local/lib/python3.10/dist-packages/drone_interfaces-0.0.0-py3.10.egg-info/dependency_links.txt
[5.166s] -- Installing: /home/x650/Multitask-Drone/src/install/drone_interfaces/local/lib/python3.10/dist-packages/drone_interfaces-0.0.0-py3.10.egg-info/PKG-INFO
[5.166s] -- Installing: /home/x650/Multitask-Drone/src/install/drone_interfaces/local/lib/python3.10/dist-packages/drone_interfaces-0.0.0-py3.10.egg-info/top_level.txt
[5.166s] -- Installing: /home/x650/Multitask-Drone/src/install/drone_interfaces/local/lib/python3.10/dist-packages/drone_interfaces-0.0.0-py3.10.egg-info/SOURCES.txt
[5.166s] -- Installing: /home/x650/Multitask-Drone/src/install/drone_interfaces/local/lib/python3.10/dist-packages/drone_interfaces
[5.166s] -- Installing: /home/x650/Multitask-Drone/src/install/drone_interfaces/local/lib/python3.10/dist-packages/drone_interfaces/_drone_interfaces_s.ep.rosidl_typesupport_fastrtps_c.c
[5.167s] -- Installing: /home/x650/Multitask-Drone/src/install/drone_interfaces/local/lib/python3.10/dist-packages/drone_interfaces/_drone_interfaces_s.ep.rosidl_typesupport_c.c
[5.167s] -- Installing: /home/x650/Multitask-Drone/src/install/drone_interfaces/local/lib/python3.10/dist-packages/drone_interfaces/action
[5.167s] -- Installing: /home/x650/Multitask-Drone/src/install/drone_interfaces/local/lib/python3.10/dist-packages/drone_interfaces/action/_execute_waypoint.py
[5.167s] -- Installing: /home/x650/Multitask-Drone/src/install/drone_interfaces/local/lib/python3.10/dist-packages/drone_interfaces/action/_execute_waypoint_s.c
[5.167s] -- Installing: /home/x650/Multitask-Drone/src/install/drone_interfaces/local/lib/python3.10/dist-packages/drone_interfaces/action/__init__.py
[5.167s] -- Installing: /home/x650/Multitask-Drone/src/install/drone_interfaces/local/lib/python3.10/dist-packages/drone_interfaces/srv
[5.167s] -- Installing: /home/x650/Multitask-Drone/src/install/drone_interfaces/local/lib/python3.10/dist-packages/drone_interfaces/srv/_task_dispatch_s.c
[5.167s] -- Installing: /home/x650/Multitask-Drone/src/install/drone_interfaces/local/lib/python3.10/dist-packages/drone_interfaces/srv/__init__.py
[5.167s] -- Installing: /home/x650/Multitask-Drone/src/install/drone_interfaces/local/lib/python3.10/dist-packages/drone_interfaces/srv/_task_dispatch.py
[5.167s] -- Installing: /home/x650/Multitask-Drone/src/install/drone_interfaces/local/lib/python3.10/dist-packages/drone_interfaces/drone_interfaces_s__rosidl_typesupport_fastrtps_c.cpython-310-x86_64-linux-gnu.so
[5.167s] -- Installing: /home/x650/Multitask-Drone/src/install/drone_interfaces/local/lib/python3.10/dist-packages/drone_interfaces/_drone_interfaces_s.ep.rosidl_typesupport_introspection_c.c
[5.167s] -- Installing: /home/x650/Multitask-Drone/src/install/drone_interfaces/local/lib/python3.10/dist-packages/drone_interfaces/drone_interfaces_s__rosidl_typesupport_introspection_c.cpython-310-x86_64-linux-gnu.so
[5.167s] -- Installing: /home/x650/Multitask-Drone/src/install/drone_interfaces/local/lib/python3.10/dist-packages/drone_interfaces/drone_interfaces_s__rosidl_typesupport_c.cpython-310-x86_64-linux-gnu.so
[5.167s] -- Installing: /home/x650/Multitask-Drone/src/install/drone_interfaces/local/lib/python3.10/dist-packages/drone_interfaces/__init__.py
[5.167s] -- Installing: /home/x650/Multitask-Drone/src/install/drone_interfaces/local/lib/python3.10/dist-packages/drone_interfaces/libdrone_interfaces__rosidl_generator_py.so
[5.167s] -- Installing: /home/x650/Multitask-Drone/src/install/drone_interfaces/local/lib/python3.10/dist-packages/drone_interfaces/msg
[5.168s] -- Installing: /home/x650/Multitask-Drone/src/install/drone_interfaces/local/lib/python3.10/dist-packages/drone_interfaces/msg/_yaw_s.c
[5.168s] -- Installing: /home/x650/Multitask-Drone/src/install/drone_interfaces/local/lib/python3.10/dist-packages/drone_interfaces/msg/_raw_waypoint_s.c
[5.168s] -- Installing: /home/x650/Multitask-Drone/src/install/drone_interfaces/local/lib/python3.10/dist-packages/drone_interfaces/msg/_panel_box.py
[5.168s] -- Installing: /home/x650/Multitask-Drone/src/install/drone_interfaces/local/lib/python3.10/dist-packages/drone_interfaces/msg/_task_s.c
[5.168s] -- Installing: /home/x650/Multitask-Drone/src/install/drone_interfaces/local/lib/python3.10/dist-packages/drone_interfaces/msg/_raw_waypoint.py
[5.168s] -- Installing: /home/x650/Multitask-Drone/src/install/drone_interfaces/local/lib/python3.10/dist-packages/drone_interfaces/msg/__init__.py
[5.168s] -- Installing: /home/x650/Multitask-Drone/src/install/drone_interfaces/local/lib/python3.10/dist-packages/drone_interfaces/msg/_yaw.py
[5.168s] -- Installing: /home/x650/Multitask-Drone/src/install/drone_interfaces/local/lib/python3.10/dist-packages/drone_interfaces/msg/_panel_box_s.c
[5.168s] -- Installing: /home/x650/Multitask-Drone/src/install/drone_interfaces/local/lib/python3.10/dist-packages/drone_interfaces/msg/_task.py
[5.198s] Listing '/home/x650/Multitask-Drone/src/install/drone_interfaces/local/lib/python3.10/dist-packages/drone_interfaces'...
[5.198s] Compiling '/home/x650/Multitask-Drone/src/install/drone_interfaces/local/lib/python3.10/dist-packages/drone_interfaces/__init__.py'...
[5.198s] Listing '/home/x650/Multitask-Drone/src/install/drone_interfaces/local/lib/python3.10/dist-packages/drone_interfaces/action'...
[5.198s] Compiling '/home/x650/Multitask-Drone/src/install/drone_interfaces/local/lib/python3.10/dist-packages/drone_interfaces/action/__init__.py'...
[5.198s] Compiling '/home/x650/Multitask-Drone/src/install/drone_interfaces/local/lib/python3.10/dist-packages/drone_interfaces/action/_execute_waypoint.py'...
[5.198s] Listing '/home/x650/Multitask-Drone/src/install/drone_interfaces/local/lib/python3.10/dist-packages/drone_interfaces/msg'...
[5.198s] Compiling '/home/x650/Multitask-Drone/src/install/drone_interfaces/local/lib/python3.10/dist-packages/drone_interfaces/msg/__init__.py'...
[5.198s] Compiling '/home/x650/Multitask-Drone/src/install/drone_interfaces/local/lib/python3.10/dist-packages/drone_interfaces/msg/_panel_box.py'...
[5.198s] Compiling '/home/x650/Multitask-Drone/src/install/drone_interfaces/local/lib/python3.10/dist-packages/drone_interfaces/msg/_raw_waypoint.py'...
[5.198s] Compiling '/home/x650/Multitask-Drone/src/install/drone_interfaces/local/lib/python3.10/dist-packages/drone_interfaces/msg/_task.py'...
[5.198s] Compiling '/home/x650/Multitask-Drone/src/install/drone_interfaces/local/lib/python3.10/dist-packages/drone_interfaces/msg/_yaw.py'...
[5.199s] Listing '/home/x650/Multitask-Drone/src/install/drone_interfaces/local/lib/python3.10/dist-packages/drone_interfaces/srv'...
[5.199s] Compiling '/home/x650/Multitask-Drone/src/install/drone_interfaces/local/lib/python3.10/dist-packages/drone_interfaces/srv/__init__.py'...
[5.199s] Compiling '/home/x650/Multitask-Drone/src/install/drone_interfaces/local/lib/python3.10/dist-packages/drone_interfaces/srv/_task_dispatch.py'...
[5.201s] -- Installing: /home/x650/Multitask-Drone/src/install/drone_interfaces/local/lib/python3.10/dist-packages/drone_interfaces/drone_interfaces_s__rosidl_typesupport_fastrtps_c.cpython-310-x86_64-linux-gnu.so
[5.201s] -- Set runtime path of "/home/x650/Multitask-Drone/src/install/drone_interfaces/local/lib/python3.10/dist-packages/drone_interfaces/drone_interfaces_s__rosidl_typesupport_fastrtps_c.cpython-310-x86_64-linux-gnu.so" to ""
[5.201s] -- Installing: /home/x650/Multitask-Drone/src/install/drone_interfaces/local/lib/python3.10/dist-packages/drone_interfaces/drone_interfaces_s__rosidl_typesupport_introspection_c.cpython-310-x86_64-linux-gnu.so
[5.202s] -- Set runtime path of "/home/x650/Multitask-Drone/src/install/drone_interfaces/local/lib/python3.10/dist-packages/drone_interfaces/drone_interfaces_s__rosidl_typesupport_introspection_c.cpython-310-x86_64-linux-gnu.so" to ""
[5.202s] -- Installing: /home/x650/Multitask-Drone/src/install/drone_interfaces/local/lib/python3.10/dist-packages/drone_interfaces/drone_interfaces_s__rosidl_typesupport_c.cpython-310-x86_64-linux-gnu.so
[5.202s] -- Set runtime path of "/home/x650/Multitask-Drone/src/install/drone_interfaces/local/lib/python3.10/dist-packages/drone_interfaces/drone_interfaces_s__rosidl_typesupport_c.cpython-310-x86_64-linux-gnu.so" to ""
[5.202s] -- Installing: /home/x650/Multitask-Drone/src/install/drone_interfaces/lib/libdrone_interfaces__rosidl_generator_py.so
[5.202s] -- Set runtime path of "/home/x650/Multitask-Drone/src/install/drone_interfaces/lib/libdrone_interfaces__rosidl_generator_py.so" to ""
[5.202s] -- Installing: /home/x650/Multitask-Drone/src/install/drone_interfaces/share/drone_interfaces/msg/Yaw.idl
[5.202s] -- Installing: /home/x650/Multitask-Drone/src/install/drone_interfaces/share/drone_interfaces/msg/PanelBox.idl
[5.202s] -- Installing: /home/x650/Multitask-Drone/src/install/drone_interfaces/share/drone_interfaces/msg/Task.idl
[5.202s] -- Installing: /home/x650/Multitask-Drone/src/install/drone_interfaces/share/drone_interfaces/msg/RawWaypoint.idl
[5.203s] -- Installing: /home/x650/Multitask-Drone/src/install/drone_interfaces/share/drone_interfaces/srv/TaskDispatch.idl
[5.203s] -- Installing: /home/x650/Multitask-Drone/src/install/drone_interfaces/share/drone_interfaces/action/ExecuteWaypoint.idl
[5.203s] -- Installing: /home/x650/Multitask-Drone/src/install/drone_interfaces/share/drone_interfaces/msg/Yaw.msg
[5.203s] -- Installing: /home/x650/Multitask-Drone/src/install/drone_interfaces/share/drone_interfaces/msg/PanelBox.msg
[5.203s] -- Installing: /home/x650/Multitask-Drone/src/install/drone_interfaces/share/drone_interfaces/msg/Task.msg
[5.203s] -- Installing: /home/x650/Multitask-Drone/src/install/drone_interfaces/share/drone_interfaces/msg/RawWaypoint.msg
[5.203s] -- Installing: /home/x650/Multitask-Drone/src/install/drone_interfaces/share/drone_interfaces/srv/TaskDispatch.srv
[5.203s] -- Installing: /home/x650/Multitask-Drone/src/install/drone_interfaces/share/drone_interfaces/srv/TaskDispatch_Request.msg
[5.203s] -- Installing: /home/x650/Multitask-Drone/src/install/drone_interfaces/share/drone_interfaces/srv/TaskDispatch_Response.msg
[5.203s] -- Installing: /home/x650/Multitask-Drone/src/install/drone_interfaces/share/drone_interfaces/action/ExecuteWaypoint.action
[5.203s] -- Installing: /home/x650/Multitask-Drone/src/install/drone_interfaces/share/ament_index/resource_index/package_run_dependencies/drone_interfaces
[5.203s] -- Installing: /home/x650/Multitask-Drone/src/install/drone_interfaces/share/ament_index/resource_index/parent_prefix_path/drone_interfaces
[5.203s] -- Installing: /home/x650/Multitask-Drone/src/install/drone_interfaces/share/drone_interfaces/environment/ament_prefix_path.sh
[5.203s] -- Installing: /home/x650/Multitask-Drone/src/install/drone_interfaces/share/drone_interfaces/environment/ament_prefix_path.dsv
[5.203s] -- Installing: /home/x650/Multitask-Drone/src/install/drone_interfaces/share/drone_interfaces/environment/path.sh
[5.203s] -- Installing: /home/x650/Multitask-Drone/src/install/drone_interfaces/share/drone_interfaces/environment/path.dsv
[5.204s] -- Installing: /home/x650/Multitask-Drone/src/install/drone_interfaces/share/drone_interfaces/local_setup.bash
[5.204s] -- Installing: /home/x650/Multitask-Drone/src/install/drone_interfaces/share/drone_interfaces/local_setup.sh
[5.204s] -- Installing: /home/x650/Multitask-Drone/src/install/drone_interfaces/share/drone_interfaces/local_setup.zsh
[5.204s] -- Installing: /home/x650/Multitask-Drone/src/install/drone_interfaces/share/drone_interfaces/local_setup.dsv
[5.204s] -- Installing: /home/x650/Multitask-Drone/src/install/drone_interfaces/share/drone_interfaces/package.dsv
[5.204s] -- Installing: /home/x650/Multitask-Drone/src/install/drone_interfaces/share/ament_index/resource_index/packages/drone_interfaces
[5.204s] -- Installing: /home/x650/Multitask-Drone/src/install/drone_interfaces/share/drone_interfaces/cmake/export_drone_interfaces__rosidl_generator_cExport.cmake
[5.204s] -- Installing: /home/x650/Multitask-Drone/src/install/drone_interfaces/share/drone_interfaces/cmake/export_drone_interfaces__rosidl_generator_cExport-noconfig.cmake
[5.204s] -- Installing: /home/x650/Multitask-Drone/src/install/drone_interfaces/share/drone_interfaces/cmake/export_drone_interfaces__rosidl_typesupport_fastrtps_cExport.cmake
[5.204s] -- Installing: /home/x650/Multitask-Drone/src/install/drone_interfaces/share/drone_interfaces/cmake/export_drone_interfaces__rosidl_typesupport_fastrtps_cExport-noconfig.cmake
[5.204s] -- Installing: /home/x650/Multitask-Drone/src/install/drone_interfaces/share/drone_interfaces/cmake/drone_interfaces__rosidl_typesupport_introspection_cExport.cmake
[5.204s] -- Installing: /home/x650/Multitask-Drone/src/install/drone_interfaces/share/drone_interfaces/cmake/drone_interfaces__rosidl_typesupport_introspection_cExport-noconfig.cmake
[5.204s] -- Installing: /home/x650/Multitask-Drone/src/install/drone_interfaces/share/drone_interfaces/cmake/drone_interfaces__rosidl_typesupport_cExport.cmake
[5.204s] -- Installing: /home/x650/Multitask-Drone/src/install/drone_interfaces/share/drone_interfaces/cmake/drone_interfaces__rosidl_typesupport_cExport-noconfig.cmake
[5.205s] -- Installing: /home/x650/Multitask-Drone/src/install/drone_interfaces/share/drone_interfaces/cmake/export_drone_interfaces__rosidl_generator_cppExport.cmake
[5.205s] -- Installing: /home/x650/Multitask-Drone/src/install/drone_interfaces/share/drone_interfaces/cmake/export_drone_interfaces__rosidl_typesupport_fastrtps_cppExport.cmake
[5.205s] -- Installing: /home/x650/Multitask-Drone/src/install/drone_interfaces/share/drone_interfaces/cmake/export_drone_interfaces__rosidl_typesupport_fastrtps_cppExport-noconfig.cmake
[5.205s] -- Installing: /home/x650/Multitask-Drone/src/install/drone_interfaces/share/drone_interfaces/cmake/drone_interfaces__rosidl_typesupport_introspection_cppExport.cmake
[5.205s] -- Installing: /home/x650/Multitask-Drone/src/install/drone_interfaces/share/drone_interfaces/cmake/drone_interfaces__rosidl_typesupport_introspection_cppExport-noconfig.cmake
[5.205s] -- Installing: /home/x650/Multitask-Drone/src/install/drone_interfaces/share/drone_interfaces/cmake/drone_interfaces__rosidl_typesupport_cppExport.cmake
[5.205s] -- Installing: /home/x650/Multitask-Drone/src/install/drone_interfaces/share/drone_interfaces/cmake/drone_interfaces__rosidl_typesupport_cppExport-noconfig.cmake
[5.205s] -- Installing: /home/x650/Multitask-Drone/src/install/drone_interfaces/share/drone_interfaces/cmake/export_drone_interfaces__rosidl_generator_pyExport.cmake
[5.205s] -- Installing: /home/x650/Multitask-Drone/src/install/drone_interfaces/share/drone_interfaces/cmake/export_drone_interfaces__rosidl_generator_pyExport-noconfig.cmake
[5.205s] -- Installing: /home/x650/Multitask-Drone/src/install/drone_interfaces/share/drone_interfaces/cmake/rosidl_cmake-extras.cmake
[5.205s] -- Installing: /home/x650/Multitask-Drone/src/install/drone_interfaces/share/drone_interfaces/cmake/ament_cmake_export_dependencies-extras.cmake
[5.205s] -- Installing: /home/x650/Multitask-Drone/src/install/drone_interfaces/share/drone_interfaces/cmake/ament_cmake_export_include_directories-extras.cmake
[5.205s] -- Installing: /home/x650/Multitask-Drone/src/install/drone_interfaces/share/drone_interfaces/cmake/ament_cmake_export_libraries-extras.cmake
[5.205s] -- Installing: /home/x650/Multitask-Drone/src/install/drone_interfaces/share/drone_interfaces/cmake/ament_cmake_export_targets-extras.cmake
[5.205s] -- Installing: /home/x650/Multitask-Drone/src/install/drone_interfaces/share/drone_interfaces/cmake/rosidl_cmake_export_typesupport_targets-extras.cmake
[5.206s] -- Installing: /home/x650/Multitask-Drone/src/install/drone_interfaces/share/drone_interfaces/cmake/rosidl_cmake_export_typesupport_libraries-extras.cmake
[5.206s] -- Installing: /home/x650/Multitask-Drone/src/install/drone_interfaces/share/drone_interfaces/cmake/drone_interfacesConfig.cmake
[5.206s] -- Installing: /home/x650/Multitask-Drone/src/install/drone_interfaces/share/drone_interfaces/cmake/drone_interfacesConfig-version.cmake
[5.206s] -- Installing: /home/x650/Multitask-Drone/src/install/drone_interfaces/share/drone_interfaces/package.xml
[5.208s] Invoked command in '/home/x650/Multitask-Drone/src/build/drone_interfaces' returned '0': CMAKE_PREFIX_PATH=${CMAKE_PREFIX_PATH}:/home/x650/Multitask-Drone/src/install/drone_vision:/home/x650/Multitask-Drone/src/install/drone_monitor:/home/x650/Multitask-Drone/src/install/drone_controller:/opt/ros/humble /usr/bin/cmake --install /home/x650/Multitask-Drone/src/build/drone_interfaces
