[0.473s] Invoking command in '/home/x650/Multitask-Drone/src/drone_monitor': PYTHONPATH=/home/x650/Multitask-Drone/src/build/drone_monitor/prefix_override:/usr/lib/python3/dist-packages/colcon_core/task/python/colcon_distutils_commands:/home/x650/Multitask-Drone/src/install/drone_monitor/lib/python3.10/site-packages:${PYTHONPATH} /usr/bin/python3 -W ignore:setup.py install is deprecated setup.py egg_info --egg-base ../build/drone_monitor build --build-base /home/x650/Multitask-Drone/src/build/drone_monitor/build install --record /home/x650/Multitask-Drone/src/build/drone_monitor/install.log --single-version-externally-managed install_data
[0.636s] running egg_info
[0.637s] creating ../build/drone_monitor/drone_monitor.egg-info
[0.646s] writing ../build/drone_monitor/drone_monitor.egg-info/PKG-INFO
[0.646s] writing dependency_links to ../build/drone_monitor/drone_monitor.egg-info/dependency_links.txt
[0.646s] writing requirements to ../build/drone_monitor/drone_monitor.egg-info/requires.txt
[0.646s] writing top-level names to ../build/drone_monitor/drone_monitor.egg-info/top_level.txt
[0.646s] writing manifest file '../build/drone_monitor/drone_monitor.egg-info/SOURCES.txt'
[0.665s] reading manifest file '../build/drone_monitor/drone_monitor.egg-info/SOURCES.txt'
[0.665s] adding license file 'LICENSE'
[0.665s] writing manifest file '../build/drone_monitor/drone_monitor.egg-info/SOURCES.txt'
[0.666s] running build
[0.666s] running build_py
[0.666s] creating /home/x650/Multitask-Drone/src/build/drone_monitor/build
[0.666s] creating /home/x650/Multitask-Drone/src/build/drone_monitor/build/lib
[0.666s] creating /home/x650/Multitask-Drone/src/build/drone_monitor/build/lib/src
[0.666s] copying src/__init__.py -> /home/x650/Multitask-Drone/src/build/drone_monitor/build/lib/src
[0.666s] running install
[0.669s] running install_lib
[0.678s] creating /home/x650/Multitask-Drone/src/install/drone_monitor/lib/python3.10/site-packages/src
[0.678s] copying /home/x650/Multitask-Drone/src/build/drone_monitor/build/lib/src/__init__.py -> /home/x650/Multitask-Drone/src/install/drone_monitor/lib/python3.10/site-packages/src
[0.678s] byte-compiling /home/x650/Multitask-Drone/src/install/drone_monitor/lib/python3.10/site-packages/src/__init__.py to __init__.cpython-310.pyc
[0.679s] running install_data
[0.679s] creating /home/x650/Multitask-Drone/src/install/drone_monitor/share/ament_index
[0.679s] creating /home/x650/Multitask-Drone/src/install/drone_monitor/share/ament_index/resource_index
[0.679s] creating /home/x650/Multitask-Drone/src/install/drone_monitor/share/ament_index/resource_index/packages
[0.679s] copying resource/drone_monitor -> /home/x650/Multitask-Drone/src/install/drone_monitor/share/ament_index/resource_index/packages
[0.679s] copying package.xml -> /home/x650/Multitask-Drone/src/install/drone_monitor/share/drone_monitor
[0.679s] running install_egg_info
[0.689s] Copying ../build/drone_monitor/drone_monitor.egg-info to /home/x650/Multitask-Drone/src/install/drone_monitor/lib/python3.10/site-packages/drone_monitor-0.0.0-py3.10.egg-info
[0.689s] running install_scripts
[0.776s] writing list of installed files to '/home/x650/Multitask-Drone/src/build/drone_monitor/install.log'
[0.796s] Invoked command in '/home/x650/Multitask-Drone/src/drone_monitor' returned '0': PYTHONPATH=/home/x650/Multitask-Drone/src/build/drone_monitor/prefix_override:/usr/lib/python3/dist-packages/colcon_core/task/python/colcon_distutils_commands:/home/x650/Multitask-Drone/src/install/drone_monitor/lib/python3.10/site-packages:${PYTHONPATH} /usr/bin/python3 -W ignore:setup.py install is deprecated setup.py egg_info --egg-base ../build/drone_monitor build --build-base /home/x650/Multitask-Drone/src/build/drone_monitor/build install --record /home/x650/Multitask-Drone/src/build/drone_monitor/install.log --single-version-externally-managed install_data
