[0.716s] Invoking command in '/home/x650/Multitask-Drone/src/drone_controller': PYTHONPATH=/home/x650/Multitask-Drone/src/build/drone_controller/prefix_override:/usr/lib/python3/dist-packages/colcon_core/task/python/colcon_distutils_commands:/home/x650/Multitask-Drone/src/install/drone_controller/lib/python3.10/site-packages:${PYTHONPATH} /usr/bin/python3 -W ignore:setup.py install is deprecated setup.py egg_info --egg-base ../build/drone_controller build --build-base /home/x650/Multitask-Drone/src/build/drone_controller/build install --record /home/x650/Multitask-Drone/src/build/drone_controller/install.log --single-version-externally-managed install_data
[0.880s] running egg_info
[0.889s] writing ../build/drone_controller/drone_controller.egg-info/PKG-INFO
[0.890s] writing dependency_links to ../build/drone_controller/drone_controller.egg-info/dependency_links.txt
[0.890s] writing entry points to ../build/drone_controller/drone_controller.egg-info/entry_points.txt
[0.890s] writing requirements to ../build/drone_controller/drone_controller.egg-info/requires.txt
[0.890s] writing top-level names to ../build/drone_controller/drone_controller.egg-info/top_level.txt
[0.911s] reading manifest file '../build/drone_controller/drone_controller.egg-info/SOURCES.txt'
[0.911s] adding license file 'LICENSE'
[0.912s] writing manifest file '../build/drone_controller/drone_controller.egg-info/SOURCES.txt'
[0.912s] running build
[0.912s] running build_py
[0.912s] copying drone_controller/__init__.py -> /home/x650/Multitask-Drone/src/build/drone_controller/build/lib/drone_controller
[0.912s] copying drone_controller/constant.py -> /home/x650/Multitask-Drone/src/build/drone_controller/build/lib/drone_controller
[0.912s] copying drone_controller/config.py -> /home/x650/Multitask-Drone/src/build/drone_controller/build/lib/drone_controller
[0.912s] copying drone_controller/utils.py -> /home/x650/Multitask-Drone/src/build/drone_controller/build/lib/drone_controller
[0.912s] copying drone_controller/drone_controller.py -> /home/x650/Multitask-Drone/src/build/drone_controller/build/lib/drone_controller
[0.913s] copying drone_controller/task/task_handler.py -> /home/x650/Multitask-Drone/src/build/drone_controller/build/lib/drone_controller/task
[0.913s] copying drone_controller/task/task_executor.py -> /home/x650/Multitask-Drone/src/build/drone_controller/build/lib/drone_controller/task
[0.913s] copying drone_controller/task/__init__.py -> /home/x650/Multitask-Drone/src/build/drone_controller/build/lib/drone_controller/task
[0.913s] copying drone_controller/waypoint/waypoint_handler.py -> /home/x650/Multitask-Drone/src/build/drone_controller/build/lib/drone_controller/waypoint
[0.913s] copying drone_controller/waypoint/waypoint.py -> /home/x650/Multitask-Drone/src/build/drone_controller/build/lib/drone_controller/waypoint
[0.913s] copying drone_controller/waypoint/__init__.py -> /home/x650/Multitask-Drone/src/build/drone_controller/build/lib/drone_controller/waypoint
[0.913s] copying drone_controller/waypoint/waypoint_task_executor.py -> /home/x650/Multitask-Drone/src/build/drone_controller/build/lib/drone_controller/waypoint
[0.913s] running install
[0.917s] running install_lib
[0.927s] copying /home/x650/Multitask-Drone/src/build/drone_controller/build/lib/drone_controller/waypoint/waypoint_handler.py -> /home/x650/Multitask-Drone/src/install/drone_controller/lib/python3.10/site-packages/drone_controller/waypoint
[0.927s] copying /home/x650/Multitask-Drone/src/build/drone_controller/build/lib/drone_controller/waypoint/waypoint_task_executor.py -> /home/x650/Multitask-Drone/src/install/drone_controller/lib/python3.10/site-packages/drone_controller/waypoint
[0.927s] copying /home/x650/Multitask-Drone/src/build/drone_controller/build/lib/drone_controller/task/task_executor.py -> /home/x650/Multitask-Drone/src/install/drone_controller/lib/python3.10/site-packages/drone_controller/task
[0.927s] copying /home/x650/Multitask-Drone/src/build/drone_controller/build/lib/drone_controller/drone_controller.py -> /home/x650/Multitask-Drone/src/install/drone_controller/lib/python3.10/site-packages/drone_controller
[0.928s] byte-compiling /home/x650/Multitask-Drone/src/install/drone_controller/lib/python3.10/site-packages/drone_controller/waypoint/waypoint_handler.py to waypoint_handler.cpython-310.pyc
[0.929s] byte-compiling /home/x650/Multitask-Drone/src/install/drone_controller/lib/python3.10/site-packages/drone_controller/waypoint/waypoint_task_executor.py to waypoint_task_executor.cpython-310.pyc
[0.930s] byte-compiling /home/x650/Multitask-Drone/src/install/drone_controller/lib/python3.10/site-packages/drone_controller/task/task_executor.py to task_executor.cpython-310.pyc
[0.931s] byte-compiling /home/x650/Multitask-Drone/src/install/drone_controller/lib/python3.10/site-packages/drone_controller/drone_controller.py to drone_controller.cpython-310.pyc
[0.933s] running install_data
[0.933s] copying resource/drone_controller -> /home/x650/Multitask-Drone/src/install/drone_controller/share/ament_index/resource_index/packages
[0.933s] copying package.xml -> /home/x650/Multitask-Drone/src/install/drone_controller/share/drone_controller
[0.933s] copying launch/drone_controller.launch.py -> /home/x650/Multitask-Drone/src/install/drone_controller/share/drone_controller
[0.933s] running install_egg_info
[0.946s] removing '/home/x650/Multitask-Drone/src/install/drone_controller/lib/python3.10/site-packages/drone_controller-0.0.0-py3.10.egg-info' (and everything under it)
[0.946s] Copying ../build/drone_controller/drone_controller.egg-info to /home/x650/Multitask-Drone/src/install/drone_controller/lib/python3.10/site-packages/drone_controller-0.0.0-py3.10.egg-info
[0.947s] running install_scripts
[1.030s] Installing drone_controller script to /home/x650/Multitask-Drone/src/install/drone_controller/lib/drone_controller
[1.030s] Installing task_executor script to /home/x650/Multitask-Drone/src/install/drone_controller/lib/drone_controller
[1.030s] Installing waypoint_handler script to /home/x650/Multitask-Drone/src/install/drone_controller/lib/drone_controller
[1.030s] writing list of installed files to '/home/x650/Multitask-Drone/src/build/drone_controller/install.log'
[1.052s] Invoked command in '/home/x650/Multitask-Drone/src/drone_controller' returned '0': PYTHONPATH=/home/x650/Multitask-Drone/src/build/drone_controller/prefix_override:/usr/lib/python3/dist-packages/colcon_core/task/python/colcon_distutils_commands:/home/x650/Multitask-Drone/src/install/drone_controller/lib/python3.10/site-packages:${PYTHONPATH} /usr/bin/python3 -W ignore:setup.py install is deprecated setup.py egg_info --egg-base ../build/drone_controller build --build-base /home/x650/Multitask-Drone/src/build/drone_controller/build install --record /home/x650/Multitask-Drone/src/build/drone_controller/install.log --single-version-externally-managed install_data
